Build output check failed:
    Regex: 'command[- ]line option .* is valid for .* but not for C'
    Output line: 'cc1: warning: command line option ‘-Wnon-virtual-dtor’ is valid for C++/ObjC++ but not for C'
Compilation failed:
    source file: '/home/vivek/Desktop/elixir/task1b_number_detection/_build/dev/lib/evision/cmake_opencv_4.6.0/CMakeFiles/CMakeTmp/src.c'
    check option: ' -fsigned-char -W -Wall -Wreturn-type  -Wnon-virtual-dtor'
===== BUILD LOG =====
Change Dir: /home/vivek/Desktop/elixir/task1b_number_detection/_build/dev/lib/evision/cmake_opencv_4.6.0/CMakeFiles/CMakeTmp

Run Build Command(s):/usr/bin/make cmTC_951d3/fast && make[1]: Entering directory '/home/vivek/Desktop/elixir/task1b_number_detection/_build/dev/lib/evision/cmake_opencv_4.6.0/CMakeFiles/CMakeTmp'
/usr/bin/make -f CMakeFiles/cmTC_951d3.dir/build.make CMakeFiles/cmTC_951d3.dir/build
make[2]: Entering directory '/home/vivek/Desktop/elixir/task1b_number_detection/_build/dev/lib/evision/cmake_opencv_4.6.0/CMakeFiles/CMakeTmp'
Building C object CMakeFiles/cmTC_951d3.dir/src.c.o
/usr/bin/cc   -DPNG_ARM_NEON_OPT=0  -O3 -DNDEBUG -fPIE    -fsigned-char -W -Wall -Wreturn-type  -Wnon-virtual-dtor -o CMakeFiles/cmTC_951d3.dir/src.c.o   -c /home/vivek/Desktop/elixir/task1b_number_detection/_build/dev/lib/evision/cmake_opencv_4.6.0/CMakeFiles/CMakeTmp/src.c
cc1: warning: command line option ‘-Wnon-virtual-dtor’ is valid for C++/ObjC++ but not for C
/home/vivek/Desktop/elixir/task1b_number_detection/_build/dev/lib/evision/cmake_opencv_4.6.0/CMakeFiles/CMakeTmp/src.c:1: warning: ignoring #pragma   [-Wunknown-pragmas]
    1 | #pragma
      | 
Linking C executable cmTC_951d3
/usr/bin/cmake -E cmake_link_script CMakeFiles/cmTC_951d3.dir/link.txt --verbose=1
/usr/bin/cc -DPNG_ARM_NEON_OPT=0  -O3 -DNDEBUG    CMakeFiles/cmTC_951d3.dir/src.c.o  -o cmTC_951d3 
make[2]: Leaving directory '/home/vivek/Desktop/elixir/task1b_number_detection/_build/dev/lib/evision/cmake_opencv_4.6.0/CMakeFiles/CMakeTmp'
make[1]: Leaving directory '/home/vivek/Desktop/elixir/task1b_number_detection/_build/dev/lib/evision/cmake_opencv_4.6.0/CMakeFiles/CMakeTmp'


===== END =====

Build output check failed:
    Regex: 'command[- ]line option .* is valid for .* but not for C\+\+'
    Output line: 'cc1plus: warning: command line option ‘-Wmissing-prototypes’ is valid for C/ObjC but not for C++'
Compilation failed:
    source file: '/home/vivek/Desktop/elixir/task1b_number_detection/_build/dev/lib/evision/cmake_opencv_4.6.0/CMakeFiles/CMakeTmp/src.cxx'
    check option: ' -fsigned-char -W -Wall -Wreturn-type -Wnon-virtual-dtor -Waddress -Wsequence-point -Wformat -Wformat-security -Wmissing-declarations  -Wmissing-prototypes'
===== BUILD LOG =====
Change Dir: /home/vivek/Desktop/elixir/task1b_number_detection/_build/dev/lib/evision/cmake_opencv_4.6.0/CMakeFiles/CMakeTmp

Run Build Command(s):/usr/bin/make cmTC_7d031/fast && make[1]: Entering directory '/home/vivek/Desktop/elixir/task1b_number_detection/_build/dev/lib/evision/cmake_opencv_4.6.0/CMakeFiles/CMakeTmp'
/usr/bin/make -f CMakeFiles/cmTC_7d031.dir/build.make CMakeFiles/cmTC_7d031.dir/build
make[2]: Entering directory '/home/vivek/Desktop/elixir/task1b_number_detection/_build/dev/lib/evision/cmake_opencv_4.6.0/CMakeFiles/CMakeTmp'
Building CXX object CMakeFiles/cmTC_7d031.dir/src.cxx.o
/usr/bin/c++    -DPNG_ARM_NEON_OPT=0  -O3 -DNDEBUG -fPIE    -fsigned-char -W -Wall -Wreturn-type -Wnon-virtual-dtor -Waddress -Wsequence-point -Wformat -Wformat-security -Wmissing-declarations  -Wmissing-prototypes -std=c++11 -o CMakeFiles/cmTC_7d031.dir/src.cxx.o -c /home/vivek/Desktop/elixir/task1b_number_detection/_build/dev/lib/evision/cmake_opencv_4.6.0/CMakeFiles/CMakeTmp/src.cxx
cc1plus: warning: command line option ‘-Wmissing-prototypes’ is valid for C/ObjC but not for C++
/home/vivek/Desktop/elixir/task1b_number_detection/_build/dev/lib/evision/cmake_opencv_4.6.0/CMakeFiles/CMakeTmp/src.cxx:1: warning: ignoring #pragma   [-Wunknown-pragmas]
    1 | #pragma
      | 
Linking CXX executable cmTC_7d031
/usr/bin/cmake -E cmake_link_script CMakeFiles/cmTC_7d031.dir/link.txt --verbose=1
/usr/bin/c++  -DPNG_ARM_NEON_OPT=0  -O3 -DNDEBUG    CMakeFiles/cmTC_7d031.dir/src.cxx.o  -o cmTC_7d031 
make[2]: Leaving directory '/home/vivek/Desktop/elixir/task1b_number_detection/_build/dev/lib/evision/cmake_opencv_4.6.0/CMakeFiles/CMakeTmp'
make[1]: Leaving directory '/home/vivek/Desktop/elixir/task1b_number_detection/_build/dev/lib/evision/cmake_opencv_4.6.0/CMakeFiles/CMakeTmp'


===== END =====

Build output check failed:
    Regex: 'command[- ]line option .* is valid for .* but not for C\+\+'
    Output line: 'cc1plus: warning: command line option ‘-Wstrict-prototypes’ is valid for C/ObjC but not for C++'
Compilation failed:
    source file: '/home/vivek/Desktop/elixir/task1b_number_detection/_build/dev/lib/evision/cmake_opencv_4.6.0/CMakeFiles/CMakeTmp/src.cxx'
    check option: ' -fsigned-char -W -Wall -Wreturn-type -Wnon-virtual-dtor -Waddress -Wsequence-point -Wformat -Wformat-security -Wmissing-declarations  -Wstrict-prototypes'
===== BUILD LOG =====
Change Dir: /home/vivek/Desktop/elixir/task1b_number_detection/_build/dev/lib/evision/cmake_opencv_4.6.0/CMakeFiles/CMakeTmp

Run Build Command(s):/usr/bin/make cmTC_b77b4/fast && make[1]: Entering directory '/home/vivek/Desktop/elixir/task1b_number_detection/_build/dev/lib/evision/cmake_opencv_4.6.0/CMakeFiles/CMakeTmp'
/usr/bin/make -f CMakeFiles/cmTC_b77b4.dir/build.make CMakeFiles/cmTC_b77b4.dir/build
make[2]: Entering directory '/home/vivek/Desktop/elixir/task1b_number_detection/_build/dev/lib/evision/cmake_opencv_4.6.0/CMakeFiles/CMakeTmp'
Building CXX object CMakeFiles/cmTC_b77b4.dir/src.cxx.o
/usr/bin/c++    -DPNG_ARM_NEON_OPT=0  -O3 -DNDEBUG -fPIE    -fsigned-char -W -Wall -Wreturn-type -Wnon-virtual-dtor -Waddress -Wsequence-point -Wformat -Wformat-security -Wmissing-declarations  -Wstrict-prototypes -std=c++11 -o CMakeFiles/cmTC_b77b4.dir/src.cxx.o -c /home/vivek/Desktop/elixir/task1b_number_detection/_build/dev/lib/evision/cmake_opencv_4.6.0/CMakeFiles/CMakeTmp/src.cxx
cc1plus: warning: command line option ‘-Wstrict-prototypes’ is valid for C/ObjC but not for C++
/home/vivek/Desktop/elixir/task1b_number_detection/_build/dev/lib/evision/cmake_opencv_4.6.0/CMakeFiles/CMakeTmp/src.cxx:1: warning: ignoring #pragma   [-Wunknown-pragmas]
    1 | #pragma
      | 
Linking CXX executable cmTC_b77b4
/usr/bin/cmake -E cmake_link_script CMakeFiles/cmTC_b77b4.dir/link.txt --verbose=1
/usr/bin/c++  -DPNG_ARM_NEON_OPT=0  -O3 -DNDEBUG    CMakeFiles/cmTC_b77b4.dir/src.cxx.o  -o cmTC_b77b4 
make[2]: Leaving directory '/home/vivek/Desktop/elixir/task1b_number_detection/_build/dev/lib/evision/cmake_opencv_4.6.0/CMakeFiles/CMakeTmp'
make[1]: Leaving directory '/home/vivek/Desktop/elixir/task1b_number_detection/_build/dev/lib/evision/cmake_opencv_4.6.0/CMakeFiles/CMakeTmp'


===== END =====

Build output check failed:
    Regex: 'command[- ]line option .* is valid for .* but not for C'
    Output line: 'cc1: warning: command line option ‘-Wsign-promo’ is valid for C++/ObjC++ but not for C'
Compilation failed:
    source file: '/home/vivek/Desktop/elixir/task1b_number_detection/_build/dev/lib/evision/cmake_opencv_4.6.0/CMakeFiles/CMakeTmp/src.c'
    check option: ' -fsigned-char -W -Wall -Wreturn-type -Waddress -Wsequence-point -Wformat -Wformat-security -Wmissing-declarations -Wmissing-prototypes -Wstrict-prototypes -Wundef -Winit-self -Wpointer-arith -Wshadow  -Wsign-promo'
===== BUILD LOG =====
Change Dir: /home/vivek/Desktop/elixir/task1b_number_detection/_build/dev/lib/evision/cmake_opencv_4.6.0/CMakeFiles/CMakeTmp

Run Build Command(s):/usr/bin/make cmTC_3f9bb/fast && make[1]: Entering directory '/home/vivek/Desktop/elixir/task1b_number_detection/_build/dev/lib/evision/cmake_opencv_4.6.0/CMakeFiles/CMakeTmp'
/usr/bin/make -f CMakeFiles/cmTC_3f9bb.dir/build.make CMakeFiles/cmTC_3f9bb.dir/build
make[2]: Entering directory '/home/vivek/Desktop/elixir/task1b_number_detection/_build/dev/lib/evision/cmake_opencv_4.6.0/CMakeFiles/CMakeTmp'
Building C object CMakeFiles/cmTC_3f9bb.dir/src.c.o
/usr/bin/cc   -DPNG_ARM_NEON_OPT=0  -O3 -DNDEBUG -fPIE    -fsigned-char -W -Wall -Wreturn-type -Waddress -Wsequence-point -Wformat -Wformat-security -Wmissing-declarations -Wmissing-prototypes -Wstrict-prototypes -Wundef -Winit-self -Wpointer-arith -Wshadow  -Wsign-promo -o CMakeFiles/cmTC_3f9bb.dir/src.c.o   -c /home/vivek/Desktop/elixir/task1b_number_detection/_build/dev/lib/evision/cmake_opencv_4.6.0/CMakeFiles/CMakeTmp/src.c
cc1: warning: command line option ‘-Wsign-promo’ is valid for C++/ObjC++ but not for C
/home/vivek/Desktop/elixir/task1b_number_detection/_build/dev/lib/evision/cmake_opencv_4.6.0/CMakeFiles/CMakeTmp/src.c:1: warning: ignoring #pragma   [-Wunknown-pragmas]
    1 | #pragma
      | 
Linking C executable cmTC_3f9bb
/usr/bin/cmake -E cmake_link_script CMakeFiles/cmTC_3f9bb.dir/link.txt --verbose=1
/usr/bin/cc -DPNG_ARM_NEON_OPT=0  -O3 -DNDEBUG    CMakeFiles/cmTC_3f9bb.dir/src.c.o  -o cmTC_3f9bb 
make[2]: Leaving directory '/home/vivek/Desktop/elixir/task1b_number_detection/_build/dev/lib/evision/cmake_opencv_4.6.0/CMakeFiles/CMakeTmp'
make[1]: Leaving directory '/home/vivek/Desktop/elixir/task1b_number_detection/_build/dev/lib/evision/cmake_opencv_4.6.0/CMakeFiles/CMakeTmp'


===== END =====

Build output check failed:
    Regex: 'command[- ]line option .* is valid for .* but not for C'
    Output line: 'cc1: warning: command line option ‘-Wsuggest-override’ is valid for C++/ObjC++ but not for C'
Compilation failed:
    source file: '/home/vivek/Desktop/elixir/task1b_number_detection/_build/dev/lib/evision/cmake_opencv_4.6.0/CMakeFiles/CMakeTmp/src.c'
    check option: ' -fsigned-char -W -Wall -Wreturn-type -Waddress -Wsequence-point -Wformat -Wformat-security -Wmissing-declarations -Wmissing-prototypes -Wstrict-prototypes -Wundef -Winit-self -Wpointer-arith -Wshadow -Wuninitialized  -Wsuggest-override'
===== BUILD LOG =====
Change Dir: /home/vivek/Desktop/elixir/task1b_number_detection/_build/dev/lib/evision/cmake_opencv_4.6.0/CMakeFiles/CMakeTmp

Run Build Command(s):/usr/bin/make cmTC_d5474/fast && make[1]: Entering directory '/home/vivek/Desktop/elixir/task1b_number_detection/_build/dev/lib/evision/cmake_opencv_4.6.0/CMakeFiles/CMakeTmp'
/usr/bin/make -f CMakeFiles/cmTC_d5474.dir/build.make CMakeFiles/cmTC_d5474.dir/build
make[2]: Entering directory '/home/vivek/Desktop/elixir/task1b_number_detection/_build/dev/lib/evision/cmake_opencv_4.6.0/CMakeFiles/CMakeTmp'
Building C object CMakeFiles/cmTC_d5474.dir/src.c.o
/usr/bin/cc   -DPNG_ARM_NEON_OPT=0  -O3 -DNDEBUG -fPIE    -fsigned-char -W -Wall -Wreturn-type -Waddress -Wsequence-point -Wformat -Wformat-security -Wmissing-declarations -Wmissing-prototypes -Wstrict-prototypes -Wundef -Winit-self -Wpointer-arith -Wshadow -Wuninitialized  -Wsuggest-override -o CMakeFiles/cmTC_d5474.dir/src.c.o   -c /home/vivek/Desktop/elixir/task1b_number_detection/_build/dev/lib/evision/cmake_opencv_4.6.0/CMakeFiles/CMakeTmp/src.c
cc1: warning: command line option ‘-Wsuggest-override’ is valid for C++/ObjC++ but not for C
/home/vivek/Desktop/elixir/task1b_number_detection/_build/dev/lib/evision/cmake_opencv_4.6.0/CMakeFiles/CMakeTmp/src.c:1: warning: ignoring #pragma   [-Wunknown-pragmas]
    1 | #pragma
      | 
Linking C executable cmTC_d5474
/usr/bin/cmake -E cmake_link_script CMakeFiles/cmTC_d5474.dir/link.txt --verbose=1
/usr/bin/cc -DPNG_ARM_NEON_OPT=0  -O3 -DNDEBUG    CMakeFiles/cmTC_d5474.dir/src.c.o  -o cmTC_d5474 
make[2]: Leaving directory '/home/vivek/Desktop/elixir/task1b_number_detection/_build/dev/lib/evision/cmake_opencv_4.6.0/CMakeFiles/CMakeTmp'
make[1]: Leaving directory '/home/vivek/Desktop/elixir/task1b_number_detection/_build/dev/lib/evision/cmake_opencv_4.6.0/CMakeFiles/CMakeTmp'


===== END =====

Build output check failed:
    Regex: 'command[- ]line option .* is valid for .* but not for C'
    Output line: 'cc1: warning: command line option ‘-Wno-delete-non-virtual-dtor’ is valid for C++/ObjC++ but not for C'
Compilation failed:
    source file: '/home/vivek/Desktop/elixir/task1b_number_detection/_build/dev/lib/evision/cmake_opencv_4.6.0/CMakeFiles/CMakeTmp/src.c'
    check option: ' -fsigned-char -W -Wall -Wreturn-type -Waddress -Wsequence-point -Wformat -Wformat-security -Wmissing-declarations -Wmissing-prototypes -Wstrict-prototypes -Wundef -Winit-self -Wpointer-arith -Wshadow -Wuninitialized  -Wno-delete-non-virtual-dtor'
===== BUILD LOG =====
Change Dir: /home/vivek/Desktop/elixir/task1b_number_detection/_build/dev/lib/evision/cmake_opencv_4.6.0/CMakeFiles/CMakeTmp

Run Build Command(s):/usr/bin/make cmTC_4a83e/fast && make[1]: Entering directory '/home/vivek/Desktop/elixir/task1b_number_detection/_build/dev/lib/evision/cmake_opencv_4.6.0/CMakeFiles/CMakeTmp'
/usr/bin/make -f CMakeFiles/cmTC_4a83e.dir/build.make CMakeFiles/cmTC_4a83e.dir/build
make[2]: Entering directory '/home/vivek/Desktop/elixir/task1b_number_detection/_build/dev/lib/evision/cmake_opencv_4.6.0/CMakeFiles/CMakeTmp'
Building C object CMakeFiles/cmTC_4a83e.dir/src.c.o
/usr/bin/cc   -DPNG_ARM_NEON_OPT=0  -O3 -DNDEBUG -fPIE    -fsigned-char -W -Wall -Wreturn-type -Waddress -Wsequence-point -Wformat -Wformat-security -Wmissing-declarations -Wmissing-prototypes -Wstrict-prototypes -Wundef -Winit-self -Wpointer-arith -Wshadow -Wuninitialized  -Wno-delete-non-virtual-dtor -o CMakeFiles/cmTC_4a83e.dir/src.c.o   -c /home/vivek/Desktop/elixir/task1b_number_detection/_build/dev/lib/evision/cmake_opencv_4.6.0/CMakeFiles/CMakeTmp/src.c
cc1: warning: command line option ‘-Wno-delete-non-virtual-dtor’ is valid for C++/ObjC++ but not for C
/home/vivek/Desktop/elixir/task1b_number_detection/_build/dev/lib/evision/cmake_opencv_4.6.0/CMakeFiles/CMakeTmp/src.c:1: warning: ignoring #pragma   [-Wunknown-pragmas]
    1 | #pragma
      | 
Linking C executable cmTC_4a83e
/usr/bin/cmake -E cmake_link_script CMakeFiles/cmTC_4a83e.dir/link.txt --verbose=1
/usr/bin/cc -DPNG_ARM_NEON_OPT=0  -O3 -DNDEBUG    CMakeFiles/cmTC_4a83e.dir/src.c.o  -o cmTC_4a83e 
make[2]: Leaving directory '/home/vivek/Desktop/elixir/task1b_number_detection/_build/dev/lib/evision/cmake_opencv_4.6.0/CMakeFiles/CMakeTmp'
make[1]: Leaving directory '/home/vivek/Desktop/elixir/task1b_number_detection/_build/dev/lib/evision/cmake_opencv_4.6.0/CMakeFiles/CMakeTmp'


===== END =====

Build output check failed:
    Regex: 'unrecognized .*option'
    Output line: 'cc1plus: warning: unrecognized command line option ‘-Wno-unnamed-type-template-args’'
Compilation failed:
    source file: '/home/vivek/Desktop/elixir/task1b_number_detection/_build/dev/lib/evision/cmake_opencv_4.6.0/CMakeFiles/CMakeTmp/src.cxx'
    check option: ' -fsigned-char -W -Wall -Wreturn-type -Wnon-virtual-dtor -Waddress -Wsequence-point -Wformat -Wformat-security -Wmissing-declarations -Wundef -Winit-self -Wpointer-arith -Wshadow -Wsign-promo -Wuninitialized -Wsuggest-override -Wno-delete-non-virtual-dtor  -Wno-unnamed-type-template-args'
===== BUILD LOG =====
Change Dir: /home/vivek/Desktop/elixir/task1b_number_detection/_build/dev/lib/evision/cmake_opencv_4.6.0/CMakeFiles/CMakeTmp

Run Build Command(s):/usr/bin/make cmTC_cd4e8/fast && make[1]: Entering directory '/home/vivek/Desktop/elixir/task1b_number_detection/_build/dev/lib/evision/cmake_opencv_4.6.0/CMakeFiles/CMakeTmp'
/usr/bin/make -f CMakeFiles/cmTC_cd4e8.dir/build.make CMakeFiles/cmTC_cd4e8.dir/build
make[2]: Entering directory '/home/vivek/Desktop/elixir/task1b_number_detection/_build/dev/lib/evision/cmake_opencv_4.6.0/CMakeFiles/CMakeTmp'
Building CXX object CMakeFiles/cmTC_cd4e8.dir/src.cxx.o
/usr/bin/c++    -DPNG_ARM_NEON_OPT=0  -O3 -DNDEBUG -fPIE    -fsigned-char -W -Wall -Wreturn-type -Wnon-virtual-dtor -Waddress -Wsequence-point -Wformat -Wformat-security -Wmissing-declarations -Wundef -Winit-self -Wpointer-arith -Wshadow -Wsign-promo -Wuninitialized -Wsuggest-override -Wno-delete-non-virtual-dtor  -Wno-unnamed-type-template-args -std=c++11 -o CMakeFiles/cmTC_cd4e8.dir/src.cxx.o -c /home/vivek/Desktop/elixir/task1b_number_detection/_build/dev/lib/evision/cmake_opencv_4.6.0/CMakeFiles/CMakeTmp/src.cxx
/home/vivek/Desktop/elixir/task1b_number_detection/_build/dev/lib/evision/cmake_opencv_4.6.0/CMakeFiles/CMakeTmp/src.cxx:1: warning: ignoring #pragma   [-Wunknown-pragmas]
    1 | #pragma
      | 
cc1plus: warning: unrecognized command line option ‘-Wno-unnamed-type-template-args’
Linking CXX executable cmTC_cd4e8
/usr/bin/cmake -E cmake_link_script CMakeFiles/cmTC_cd4e8.dir/link.txt --verbose=1
/usr/bin/c++  -DPNG_ARM_NEON_OPT=0  -O3 -DNDEBUG    CMakeFiles/cmTC_cd4e8.dir/src.cxx.o  -o cmTC_cd4e8 
make[2]: Leaving directory '/home/vivek/Desktop/elixir/task1b_number_detection/_build/dev/lib/evision/cmake_opencv_4.6.0/CMakeFiles/CMakeTmp'
make[1]: Leaving directory '/home/vivek/Desktop/elixir/task1b_number_detection/_build/dev/lib/evision/cmake_opencv_4.6.0/CMakeFiles/CMakeTmp'


===== END =====

Build output check failed:
    Regex: 'unrecognized .*option'
    Output line: 'cc1: warning: unrecognized command line option ‘-Wno-unnamed-type-template-args’'
Compilation failed:
    source file: '/home/vivek/Desktop/elixir/task1b_number_detection/_build/dev/lib/evision/cmake_opencv_4.6.0/CMakeFiles/CMakeTmp/src.c'
    check option: ' -fsigned-char -W -Wall -Wreturn-type -Waddress -Wsequence-point -Wformat -Wformat-security -Wmissing-declarations -Wmissing-prototypes -Wstrict-prototypes -Wundef -Winit-self -Wpointer-arith -Wshadow -Wuninitialized  -Wno-unnamed-type-template-args'
===== BUILD LOG =====
Change Dir: /home/vivek/Desktop/elixir/task1b_number_detection/_build/dev/lib/evision/cmake_opencv_4.6.0/CMakeFiles/CMakeTmp

Run Build Command(s):/usr/bin/make cmTC_ca279/fast && make[1]: Entering directory '/home/vivek/Desktop/elixir/task1b_number_detection/_build/dev/lib/evision/cmake_opencv_4.6.0/CMakeFiles/CMakeTmp'
/usr/bin/make -f CMakeFiles/cmTC_ca279.dir/build.make CMakeFiles/cmTC_ca279.dir/build
make[2]: Entering directory '/home/vivek/Desktop/elixir/task1b_number_detection/_build/dev/lib/evision/cmake_opencv_4.6.0/CMakeFiles/CMakeTmp'
Building C object CMakeFiles/cmTC_ca279.dir/src.c.o
/usr/bin/cc   -DPNG_ARM_NEON_OPT=0  -O3 -DNDEBUG -fPIE    -fsigned-char -W -Wall -Wreturn-type -Waddress -Wsequence-point -Wformat -Wformat-security -Wmissing-declarations -Wmissing-prototypes -Wstrict-prototypes -Wundef -Winit-self -Wpointer-arith -Wshadow -Wuninitialized  -Wno-unnamed-type-template-args -o CMakeFiles/cmTC_ca279.dir/src.c.o   -c /home/vivek/Desktop/elixir/task1b_number_detection/_build/dev/lib/evision/cmake_opencv_4.6.0/CMakeFiles/CMakeTmp/src.c
/home/vivek/Desktop/elixir/task1b_number_detection/_build/dev/lib/evision/cmake_opencv_4.6.0/CMakeFiles/CMakeTmp/src.c:1: warning: ignoring #pragma   [-Wunknown-pragmas]
    1 | #pragma
      | 
cc1: warning: unrecognized command line option ‘-Wno-unnamed-type-template-args’
Linking C executable cmTC_ca279
/usr/bin/cmake -E cmake_link_script CMakeFiles/cmTC_ca279.dir/link.txt --verbose=1
/usr/bin/cc -DPNG_ARM_NEON_OPT=0  -O3 -DNDEBUG    CMakeFiles/cmTC_ca279.dir/src.c.o  -o cmTC_ca279 
make[2]: Leaving directory '/home/vivek/Desktop/elixir/task1b_number_detection/_build/dev/lib/evision/cmake_opencv_4.6.0/CMakeFiles/CMakeTmp'
make[1]: Leaving directory '/home/vivek/Desktop/elixir/task1b_number_detection/_build/dev/lib/evision/cmake_opencv_4.6.0/CMakeFiles/CMakeTmp'


===== END =====

Build output check failed:
    Regex: 'command[- ]line option .* is valid for .* but not for C'
    Output line: 'cc1: warning: command line option ‘-fvisibility-inlines-hidden’ is valid for C++/ObjC++ but not for C'
Compilation failed:
    source file: '/home/vivek/Desktop/elixir/task1b_number_detection/_build/dev/lib/evision/cmake_opencv_4.6.0/CMakeFiles/CMakeTmp/src.c'
    check option: ' -fsigned-char -W -Wall -Wreturn-type -Waddress -Wsequence-point -Wformat -Wformat-security -Wmissing-declarations -Wmissing-prototypes -Wstrict-prototypes -Wundef -Winit-self -Wpointer-arith -Wshadow -Wuninitialized -Wno-comment -Wimplicit-fallthrough=3 -Wno-strict-overflow -fdiagnostics-show-option -Wno-long-long -pthread -fomit-frame-pointer -ffunction-sections -fdata-sections  -msse -msse2 -msse3 -fvisibility=hidden  -fvisibility-inlines-hidden'
===== BUILD LOG =====
Change Dir: /home/vivek/Desktop/elixir/task1b_number_detection/_build/dev/lib/evision/cmake_opencv_4.6.0/CMakeFiles/CMakeTmp

Run Build Command(s):/usr/bin/make cmTC_3e63f/fast && make[1]: Entering directory '/home/vivek/Desktop/elixir/task1b_number_detection/_build/dev/lib/evision/cmake_opencv_4.6.0/CMakeFiles/CMakeTmp'
/usr/bin/make -f CMakeFiles/cmTC_3e63f.dir/build.make CMakeFiles/cmTC_3e63f.dir/build
make[2]: Entering directory '/home/vivek/Desktop/elixir/task1b_number_detection/_build/dev/lib/evision/cmake_opencv_4.6.0/CMakeFiles/CMakeTmp'
Building C object CMakeFiles/cmTC_3e63f.dir/src.c.o
/usr/bin/cc   -DPNG_ARM_NEON_OPT=0  -O3 -DNDEBUG -fPIE    -fsigned-char -W -Wall -Wreturn-type -Waddress -Wsequence-point -Wformat -Wformat-security -Wmissing-declarations -Wmissing-prototypes -Wstrict-prototypes -Wundef -Winit-self -Wpointer-arith -Wshadow -Wuninitialized -Wno-comment -Wimplicit-fallthrough=3 -Wno-strict-overflow -fdiagnostics-show-option -Wno-long-long -pthread -fomit-frame-pointer -ffunction-sections -fdata-sections  -msse -msse2 -msse3 -fvisibility=hidden  -fvisibility-inlines-hidden -o CMakeFiles/cmTC_3e63f.dir/src.c.o   -c /home/vivek/Desktop/elixir/task1b_number_detection/_build/dev/lib/evision/cmake_opencv_4.6.0/CMakeFiles/CMakeTmp/src.c
cc1: warning: command line option ‘-fvisibility-inlines-hidden’ is valid for C++/ObjC++ but not for C
/home/vivek/Desktop/elixir/task1b_number_detection/_build/dev/lib/evision/cmake_opencv_4.6.0/CMakeFiles/CMakeTmp/src.c:1: warning: ignoring #pragma   [-Wunknown-pragmas]
    1 | #pragma
      | 
Linking C executable cmTC_3e63f
/usr/bin/cmake -E cmake_link_script CMakeFiles/cmTC_3e63f.dir/link.txt --verbose=1
/usr/bin/cc -DPNG_ARM_NEON_OPT=0  -O3 -DNDEBUG    CMakeFiles/cmTC_3e63f.dir/src.c.o  -o cmTC_3e63f 
make[2]: Leaving directory '/home/vivek/Desktop/elixir/task1b_number_detection/_build/dev/lib/evision/cmake_opencv_4.6.0/CMakeFiles/CMakeTmp'
make[1]: Leaving directory '/home/vivek/Desktop/elixir/task1b_number_detection/_build/dev/lib/evision/cmake_opencv_4.6.0/CMakeFiles/CMakeTmp'


===== END =====

Determining size of off64_t failed with the following output:
Change Dir: /home/vivek/Desktop/elixir/task1b_number_detection/_build/dev/lib/evision/cmake_opencv_4.6.0/CMakeFiles/CMakeTmp

Run Build Command(s):/usr/bin/make cmTC_b9dce/fast && make[1]: Entering directory '/home/vivek/Desktop/elixir/task1b_number_detection/_build/dev/lib/evision/cmake_opencv_4.6.0/CMakeFiles/CMakeTmp'
/usr/bin/make -f CMakeFiles/cmTC_b9dce.dir/build.make CMakeFiles/cmTC_b9dce.dir/build
make[2]: Entering directory '/home/vivek/Desktop/elixir/task1b_number_detection/_build/dev/lib/evision/cmake_opencv_4.6.0/CMakeFiles/CMakeTmp'
Building C object CMakeFiles/cmTC_b9dce.dir/OFF64_T.c.o
/usr/bin/cc   -DPNG_ARM_NEON_OPT=0   -fsigned-char -W -Wall -Wreturn-type -Waddress -Wsequence-point -Wformat -Wformat-security -Wmissing-declarations -Wmissing-prototypes -Wstrict-prototypes -Wundef -Winit-self -Wpointer-arith -Wshadow -Wuninitialized -Wno-comment -Wimplicit-fallthrough=3 -Wno-strict-overflow -fdiagnostics-show-option -Wno-long-long -pthread -fomit-frame-pointer -ffunction-sections -fdata-sections  -msse -msse2 -msse3 -fvisibility=hidden  -O3 -DNDEBUG  -DNDEBUG -fPIE   -o CMakeFiles/cmTC_b9dce.dir/OFF64_T.c.o   -c /home/vivek/Desktop/elixir/task1b_number_detection/_build/dev/lib/evision/cmake_opencv_4.6.0/CMakeFiles/CheckTypeSize/OFF64_T.c
/home/vivek/Desktop/elixir/task1b_number_detection/_build/dev/lib/evision/cmake_opencv_4.6.0/CMakeFiles/CheckTypeSize/OFF64_T.c:23:22: error: ‘off64_t’ undeclared here (not in a function); did you mean ‘off_t’?
   23 | #define SIZE (sizeof(off64_t))
      |                      ^~~~~~~
/home/vivek/Desktop/elixir/task1b_number_detection/_build/dev/lib/evision/cmake_opencv_4.6.0/CMakeFiles/CheckTypeSize/OFF64_T.c:25:12: note: in expansion of macro ‘SIZE’
   25 |   ('0' + ((SIZE / 10000)%10)),
      |            ^~~~
make[2]: *** [CMakeFiles/cmTC_b9dce.dir/build.make:66: CMakeFiles/cmTC_b9dce.dir/OFF64_T.c.o] Error 1
make[2]: Leaving directory '/home/vivek/Desktop/elixir/task1b_number_detection/_build/dev/lib/evision/cmake_opencv_4.6.0/CMakeFiles/CMakeTmp'
make[1]: *** [Makefile:121: cmTC_b9dce/fast] Error 2
make[1]: Leaving directory '/home/vivek/Desktop/elixir/task1b_number_detection/_build/dev/lib/evision/cmake_opencv_4.6.0/CMakeFiles/CMakeTmp'


/home/vivek/Desktop/elixir/task1b_number_detection/_build/dev/lib/evision/cmake_opencv_4.6.0/CMakeFiles/CheckTypeSize/OFF64_T.c:
#include <sys/types.h>
#include <stdint.h>
#include <stddef.h>


#undef KEY
#if defined(__i386)
# define KEY '_','_','i','3','8','6'
#elif defined(__x86_64)
# define KEY '_','_','x','8','6','_','6','4'
#elif defined(__ppc__)
# define KEY '_','_','p','p','c','_','_'
#elif defined(__ppc64__)
# define KEY '_','_','p','p','c','6','4','_','_'
#elif defined(__aarch64__)
# define KEY '_','_','a','a','r','c','h','6','4','_','_'
#elif defined(__ARM_ARCH_7A__)
# define KEY '_','_','A','R','M','_','A','R','C','H','_','7','A','_','_'
#elif defined(__ARM_ARCH_7S__)
# define KEY '_','_','A','R','M','_','A','R','C','H','_','7','S','_','_'
#endif

#define SIZE (sizeof(off64_t))
static char info_size[] =  {'I', 'N', 'F', 'O', ':', 's','i','z','e','[',
  ('0' + ((SIZE / 10000)%10)),
  ('0' + ((SIZE / 1000)%10)),
  ('0' + ((SIZE / 100)%10)),
  ('0' + ((SIZE / 10)%10)),
  ('0' +  (SIZE    % 10)),
  ']',
#ifdef KEY
  ' ','k','e','y','[', KEY, ']',
#endif
  '\0'};

#ifdef __CLASSIC_C__
int main(argc, argv) int argc; char *argv[];
#else
int main(int argc, char *argv[])
#endif
{
  int require = 0;
  require += info_size[argc];
  (void)argv;
  return require;
}


Build output check failed:
    Regex: 'unrecognized .*option'
    Output line: 'cc1: warning: unrecognized command line option ‘-Wno-shorten-64-to-32’'
Compilation failed:
    source file: '/home/vivek/Desktop/elixir/task1b_number_detection/_build/dev/lib/evision/cmake_opencv_4.6.0/CMakeFiles/CMakeTmp/src.c'
    check option: ' -Wno-shorten-64-to-32'
===== BUILD LOG =====
Change Dir: /home/vivek/Desktop/elixir/task1b_number_detection/_build/dev/lib/evision/cmake_opencv_4.6.0/CMakeFiles/CMakeTmp

Run Build Command(s):/usr/bin/make cmTC_4198a/fast && make[1]: Entering directory '/home/vivek/Desktop/elixir/task1b_number_detection/_build/dev/lib/evision/cmake_opencv_4.6.0/CMakeFiles/CMakeTmp'
/usr/bin/make -f CMakeFiles/cmTC_4198a.dir/build.make CMakeFiles/cmTC_4198a.dir/build
make[2]: Entering directory '/home/vivek/Desktop/elixir/task1b_number_detection/_build/dev/lib/evision/cmake_opencv_4.6.0/CMakeFiles/CMakeTmp'
Building C object CMakeFiles/cmTC_4198a.dir/src.c.o
/usr/bin/cc   -DPNG_ARM_NEON_OPT=0   -fsigned-char -W -Wall -Wreturn-type -Waddress -Wsequence-point -Wformat -Wformat-security -Wmissing-declarations -Wmissing-prototypes -Wstrict-prototypes -Wundef -Winit-self -Wpointer-arith -Wshadow -Wuninitialized -Wno-comment -Wimplicit-fallthrough=3 -Wno-strict-overflow -fdiagnostics-show-option -Wno-long-long -pthread -fomit-frame-pointer -ffunction-sections -fdata-sections  -msse -msse2 -msse3 -fvisibility=hidden  -O3 -DNDEBUG  -DNDEBUG -fPIE    -Wno-shorten-64-to-32 -o CMakeFiles/cmTC_4198a.dir/src.c.o   -c /home/vivek/Desktop/elixir/task1b_number_detection/_build/dev/lib/evision/cmake_opencv_4.6.0/CMakeFiles/CMakeTmp/src.c
/home/vivek/Desktop/elixir/task1b_number_detection/_build/dev/lib/evision/cmake_opencv_4.6.0/CMakeFiles/CMakeTmp/src.c:1: warning: ignoring #pragma   [-Wunknown-pragmas]
    1 | #pragma
      | 
cc1: warning: unrecognized command line option ‘-Wno-shorten-64-to-32’
Linking C executable cmTC_4198a
/usr/bin/cmake -E cmake_link_script CMakeFiles/cmTC_4198a.dir/link.txt --verbose=1
/usr/bin/cc -DPNG_ARM_NEON_OPT=0   -fsigned-char -W -Wall -Wreturn-type -Waddress -Wsequence-point -Wformat -Wformat-security -Wmissing-declarations -Wmissing-prototypes -Wstrict-prototypes -Wundef -Winit-self -Wpointer-arith -Wshadow -Wuninitialized -Wno-comment -Wimplicit-fallthrough=3 -Wno-strict-overflow -fdiagnostics-show-option -Wno-long-long -pthread -fomit-frame-pointer -ffunction-sections -fdata-sections  -msse -msse2 -msse3 -fvisibility=hidden  -O3 -DNDEBUG  -DNDEBUG    -Wl,--gc-sections -Wl,--as-needed -Wl,--no-undefined  CMakeFiles/cmTC_4198a.dir/src.c.o  -o cmTC_4198a 
make[2]: Leaving directory '/home/vivek/Desktop/elixir/task1b_number_detection/_build/dev/lib/evision/cmake_opencv_4.6.0/CMakeFiles/CMakeTmp'
make[1]: Leaving directory '/home/vivek/Desktop/elixir/task1b_number_detection/_build/dev/lib/evision/cmake_opencv_4.6.0/CMakeFiles/CMakeTmp'


===== END =====

Determining if the include file io.h exists failed with the following output:
Change Dir: /home/vivek/Desktop/elixir/task1b_number_detection/_build/dev/lib/evision/cmake_opencv_4.6.0/CMakeFiles/CMakeTmp

Run Build Command(s):/usr/bin/make cmTC_01d6f/fast && make[1]: Entering directory '/home/vivek/Desktop/elixir/task1b_number_detection/_build/dev/lib/evision/cmake_opencv_4.6.0/CMakeFiles/CMakeTmp'
/usr/bin/make -f CMakeFiles/cmTC_01d6f.dir/build.make CMakeFiles/cmTC_01d6f.dir/build
make[2]: Entering directory '/home/vivek/Desktop/elixir/task1b_number_detection/_build/dev/lib/evision/cmake_opencv_4.6.0/CMakeFiles/CMakeTmp'
Building C object CMakeFiles/cmTC_01d6f.dir/CheckIncludeFile.c.o
/usr/bin/cc   -DPNG_ARM_NEON_OPT=0   -fsigned-char -W -Wall -Wreturn-type -Waddress -Wsequence-point -Wformat -Wformat-security -Wmissing-declarations -Wmissing-prototypes -Wstrict-prototypes -Wundef -Winit-self -Wpointer-arith -Wshadow -Wuninitialized -Wno-comment -Wimplicit-fallthrough=3 -Wno-strict-overflow -fdiagnostics-show-option -Wno-long-long -pthread -fomit-frame-pointer -ffunction-sections -fdata-sections  -msse -msse2 -msse3 -fvisibility=hidden  -O3 -DNDEBUG  -DNDEBUG -fPIE   -o CMakeFiles/cmTC_01d6f.dir/CheckIncludeFile.c.o   -c /home/vivek/Desktop/elixir/task1b_number_detection/_build/dev/lib/evision/cmake_opencv_4.6.0/CMakeFiles/CMakeTmp/CheckIncludeFile.c
/home/vivek/Desktop/elixir/task1b_number_detection/_build/dev/lib/evision/cmake_opencv_4.6.0/CMakeFiles/CMakeTmp/CheckIncludeFile.c:1:10: fatal error: io.h: No such file or directory
    1 | #include <io.h>
      |          ^~~~~~
compilation terminated.
make[2]: *** [CMakeFiles/cmTC_01d6f.dir/build.make:66: CMakeFiles/cmTC_01d6f.dir/CheckIncludeFile.c.o] Error 1
make[2]: Leaving directory '/home/vivek/Desktop/elixir/task1b_number_detection/_build/dev/lib/evision/cmake_opencv_4.6.0/CMakeFiles/CMakeTmp'
make[1]: *** [Makefile:121: cmTC_01d6f/fast] Error 2
make[1]: Leaving directory '/home/vivek/Desktop/elixir/task1b_number_detection/_build/dev/lib/evision/cmake_opencv_4.6.0/CMakeFiles/CMakeTmp'



Determining size of INT8 failed with the following output:
Change Dir: /home/vivek/Desktop/elixir/task1b_number_detection/_build/dev/lib/evision/cmake_opencv_4.6.0/CMakeFiles/CMakeTmp

Run Build Command(s):/usr/bin/make cmTC_5c03c/fast && make[1]: Entering directory '/home/vivek/Desktop/elixir/task1b_number_detection/_build/dev/lib/evision/cmake_opencv_4.6.0/CMakeFiles/CMakeTmp'
/usr/bin/make -f CMakeFiles/cmTC_5c03c.dir/build.make CMakeFiles/cmTC_5c03c.dir/build
make[2]: Entering directory '/home/vivek/Desktop/elixir/task1b_number_detection/_build/dev/lib/evision/cmake_opencv_4.6.0/CMakeFiles/CMakeTmp'
Building C object CMakeFiles/cmTC_5c03c.dir/int8.c.o
/usr/bin/cc   -DPNG_ARM_NEON_OPT=0   -fsigned-char -W -Wall -Wreturn-type -Waddress -Wsequence-point -Wformat -Wformat-security -Wmissing-declarations -Wmissing-prototypes -Wstrict-prototypes -Wundef -Winit-self -Wpointer-arith -Wshadow -Wuninitialized -Wno-comment -Wimplicit-fallthrough=3 -Wno-strict-overflow -fdiagnostics-show-option -Wno-long-long -pthread -fomit-frame-pointer -ffunction-sections -fdata-sections  -msse -msse2 -msse3 -fvisibility=hidden  -O3 -DNDEBUG  -DNDEBUG -fPIE   -o CMakeFiles/cmTC_5c03c.dir/int8.c.o   -c /home/vivek/Desktop/elixir/task1b_number_detection/_build/dev/lib/evision/cmake_opencv_4.6.0/CMakeFiles/CheckTypeSize/int8.c
/home/vivek/Desktop/elixir/task1b_number_detection/_build/dev/lib/evision/cmake_opencv_4.6.0/CMakeFiles/CheckTypeSize/int8.c:23:22: error: ‘INT8’ undeclared here (not in a function); did you mean ‘INT8_C’?
   23 | #define SIZE (sizeof(INT8))
      |                      ^~~~
/home/vivek/Desktop/elixir/task1b_number_detection/_build/dev/lib/evision/cmake_opencv_4.6.0/CMakeFiles/CheckTypeSize/int8.c:25:12: note: in expansion of macro ‘SIZE’
   25 |   ('0' + ((SIZE / 10000)%10)),
      |            ^~~~
make[2]: *** [CMakeFiles/cmTC_5c03c.dir/build.make:66: CMakeFiles/cmTC_5c03c.dir/int8.c.o] Error 1
make[2]: Leaving directory '/home/vivek/Desktop/elixir/task1b_number_detection/_build/dev/lib/evision/cmake_opencv_4.6.0/CMakeFiles/CMakeTmp'
make[1]: *** [Makefile:121: cmTC_5c03c/fast] Error 2
make[1]: Leaving directory '/home/vivek/Desktop/elixir/task1b_number_detection/_build/dev/lib/evision/cmake_opencv_4.6.0/CMakeFiles/CMakeTmp'


/home/vivek/Desktop/elixir/task1b_number_detection/_build/dev/lib/evision/cmake_opencv_4.6.0/CMakeFiles/CheckTypeSize/int8.c:
#include <sys/types.h>
#include <stdint.h>
#include <stddef.h>


#undef KEY
#if defined(__i386)
# define KEY '_','_','i','3','8','6'
#elif defined(__x86_64)
# define KEY '_','_','x','8','6','_','6','4'
#elif defined(__ppc__)
# define KEY '_','_','p','p','c','_','_'
#elif defined(__ppc64__)
# define KEY '_','_','p','p','c','6','4','_','_'
#elif defined(__aarch64__)
# define KEY '_','_','a','a','r','c','h','6','4','_','_'
#elif defined(__ARM_ARCH_7A__)
# define KEY '_','_','A','R','M','_','A','R','C','H','_','7','A','_','_'
#elif defined(__ARM_ARCH_7S__)
# define KEY '_','_','A','R','M','_','A','R','C','H','_','7','S','_','_'
#endif

#define SIZE (sizeof(INT8))
static char info_size[] =  {'I', 'N', 'F', 'O', ':', 's','i','z','e','[',
  ('0' + ((SIZE / 10000)%10)),
  ('0' + ((SIZE / 1000)%10)),
  ('0' + ((SIZE / 100)%10)),
  ('0' + ((SIZE / 10)%10)),
  ('0' +  (SIZE    % 10)),
  ']',
#ifdef KEY
  ' ','k','e','y','[', KEY, ']',
#endif
  '\0'};

#ifdef __CLASSIC_C__
int main(argc, argv) int argc; char *argv[];
#else
int main(int argc, char *argv[])
#endif
{
  int require = 0;
  require += info_size[argc];
  (void)argv;
  return require;
}


Determining size of INT16 failed with the following output:
Change Dir: /home/vivek/Desktop/elixir/task1b_number_detection/_build/dev/lib/evision/cmake_opencv_4.6.0/CMakeFiles/CMakeTmp

Run Build Command(s):/usr/bin/make cmTC_c9a53/fast && make[1]: Entering directory '/home/vivek/Desktop/elixir/task1b_number_detection/_build/dev/lib/evision/cmake_opencv_4.6.0/CMakeFiles/CMakeTmp'
/usr/bin/make -f CMakeFiles/cmTC_c9a53.dir/build.make CMakeFiles/cmTC_c9a53.dir/build
make[2]: Entering directory '/home/vivek/Desktop/elixir/task1b_number_detection/_build/dev/lib/evision/cmake_opencv_4.6.0/CMakeFiles/CMakeTmp'
Building C object CMakeFiles/cmTC_c9a53.dir/int16.c.o
/usr/bin/cc   -DPNG_ARM_NEON_OPT=0   -fsigned-char -W -Wall -Wreturn-type -Waddress -Wsequence-point -Wformat -Wformat-security -Wmissing-declarations -Wmissing-prototypes -Wstrict-prototypes -Wundef -Winit-self -Wpointer-arith -Wshadow -Wuninitialized -Wno-comment -Wimplicit-fallthrough=3 -Wno-strict-overflow -fdiagnostics-show-option -Wno-long-long -pthread -fomit-frame-pointer -ffunction-sections -fdata-sections  -msse -msse2 -msse3 -fvisibility=hidden  -O3 -DNDEBUG  -DNDEBUG -fPIE   -o CMakeFiles/cmTC_c9a53.dir/int16.c.o   -c /home/vivek/Desktop/elixir/task1b_number_detection/_build/dev/lib/evision/cmake_opencv_4.6.0/CMakeFiles/CheckTypeSize/int16.c
/home/vivek/Desktop/elixir/task1b_number_detection/_build/dev/lib/evision/cmake_opencv_4.6.0/CMakeFiles/CheckTypeSize/int16.c:23:22: error: ‘INT16’ undeclared here (not in a function); did you mean ‘INT16_C’?
   23 | #define SIZE (sizeof(INT16))
      |                      ^~~~~
/home/vivek/Desktop/elixir/task1b_number_detection/_build/dev/lib/evision/cmake_opencv_4.6.0/CMakeFiles/CheckTypeSize/int16.c:25:12: note: in expansion of macro ‘SIZE’
   25 |   ('0' + ((SIZE / 10000)%10)),
      |            ^~~~
make[2]: *** [CMakeFiles/cmTC_c9a53.dir/build.make:66: CMakeFiles/cmTC_c9a53.dir/int16.c.o] Error 1
make[2]: Leaving directory '/home/vivek/Desktop/elixir/task1b_number_detection/_build/dev/lib/evision/cmake_opencv_4.6.0/CMakeFiles/CMakeTmp'
make[1]: *** [Makefile:121: cmTC_c9a53/fast] Error 2
make[1]: Leaving directory '/home/vivek/Desktop/elixir/task1b_number_detection/_build/dev/lib/evision/cmake_opencv_4.6.0/CMakeFiles/CMakeTmp'


/home/vivek/Desktop/elixir/task1b_number_detection/_build/dev/lib/evision/cmake_opencv_4.6.0/CMakeFiles/CheckTypeSize/int16.c:
#include <sys/types.h>
#include <stdint.h>
#include <stddef.h>


#undef KEY
#if defined(__i386)
# define KEY '_','_','i','3','8','6'
#elif defined(__x86_64)
# define KEY '_','_','x','8','6','_','6','4'
#elif defined(__ppc__)
# define KEY '_','_','p','p','c','_','_'
#elif defined(__ppc64__)
# define KEY '_','_','p','p','c','6','4','_','_'
#elif defined(__aarch64__)
# define KEY '_','_','a','a','r','c','h','6','4','_','_'
#elif defined(__ARM_ARCH_7A__)
# define KEY '_','_','A','R','M','_','A','R','C','H','_','7','A','_','_'
#elif defined(__ARM_ARCH_7S__)
# define KEY '_','_','A','R','M','_','A','R','C','H','_','7','S','_','_'
#endif

#define SIZE (sizeof(INT16))
static char info_size[] =  {'I', 'N', 'F', 'O', ':', 's','i','z','e','[',
  ('0' + ((SIZE / 10000)%10)),
  ('0' + ((SIZE / 1000)%10)),
  ('0' + ((SIZE / 100)%10)),
  ('0' + ((SIZE / 10)%10)),
  ('0' +  (SIZE    % 10)),
  ']',
#ifdef KEY
  ' ','k','e','y','[', KEY, ']',
#endif
  '\0'};

#ifdef __CLASSIC_C__
int main(argc, argv) int argc; char *argv[];
#else
int main(int argc, char *argv[])
#endif
{
  int require = 0;
  require += info_size[argc];
  (void)argv;
  return require;
}


Determining size of INT32 failed with the following output:
Change Dir: /home/vivek/Desktop/elixir/task1b_number_detection/_build/dev/lib/evision/cmake_opencv_4.6.0/CMakeFiles/CMakeTmp

Run Build Command(s):/usr/bin/make cmTC_6a4a1/fast && make[1]: Entering directory '/home/vivek/Desktop/elixir/task1b_number_detection/_build/dev/lib/evision/cmake_opencv_4.6.0/CMakeFiles/CMakeTmp'
/usr/bin/make -f CMakeFiles/cmTC_6a4a1.dir/build.make CMakeFiles/cmTC_6a4a1.dir/build
make[2]: Entering directory '/home/vivek/Desktop/elixir/task1b_number_detection/_build/dev/lib/evision/cmake_opencv_4.6.0/CMakeFiles/CMakeTmp'
Building C object CMakeFiles/cmTC_6a4a1.dir/int32.c.o
/usr/bin/cc   -DPNG_ARM_NEON_OPT=0   -fsigned-char -W -Wall -Wreturn-type -Waddress -Wsequence-point -Wformat -Wformat-security -Wmissing-declarations -Wmissing-prototypes -Wstrict-prototypes -Wundef -Winit-self -Wpointer-arith -Wshadow -Wuninitialized -Wno-comment -Wimplicit-fallthrough=3 -Wno-strict-overflow -fdiagnostics-show-option -Wno-long-long -pthread -fomit-frame-pointer -ffunction-sections -fdata-sections  -msse -msse2 -msse3 -fvisibility=hidden  -O3 -DNDEBUG  -DNDEBUG -fPIE   -o CMakeFiles/cmTC_6a4a1.dir/int32.c.o   -c /home/vivek/Desktop/elixir/task1b_number_detection/_build/dev/lib/evision/cmake_opencv_4.6.0/CMakeFiles/CheckTypeSize/int32.c
/home/vivek/Desktop/elixir/task1b_number_detection/_build/dev/lib/evision/cmake_opencv_4.6.0/CMakeFiles/CheckTypeSize/int32.c:23:22: error: ‘INT32’ undeclared here (not in a function); did you mean ‘INT32_C’?
   23 | #define SIZE (sizeof(INT32))
      |                      ^~~~~
/home/vivek/Desktop/elixir/task1b_number_detection/_build/dev/lib/evision/cmake_opencv_4.6.0/CMakeFiles/CheckTypeSize/int32.c:25:12: note: in expansion of macro ‘SIZE’
   25 |   ('0' + ((SIZE / 10000)%10)),
      |            ^~~~
make[2]: *** [CMakeFiles/cmTC_6a4a1.dir/build.make:66: CMakeFiles/cmTC_6a4a1.dir/int32.c.o] Error 1
make[2]: Leaving directory '/home/vivek/Desktop/elixir/task1b_number_detection/_build/dev/lib/evision/cmake_opencv_4.6.0/CMakeFiles/CMakeTmp'
make[1]: *** [Makefile:121: cmTC_6a4a1/fast] Error 2
make[1]: Leaving directory '/home/vivek/Desktop/elixir/task1b_number_detection/_build/dev/lib/evision/cmake_opencv_4.6.0/CMakeFiles/CMakeTmp'


/home/vivek/Desktop/elixir/task1b_number_detection/_build/dev/lib/evision/cmake_opencv_4.6.0/CMakeFiles/CheckTypeSize/int32.c:
#include <sys/types.h>
#include <stdint.h>
#include <stddef.h>


#undef KEY
#if defined(__i386)
# define KEY '_','_','i','3','8','6'
#elif defined(__x86_64)
# define KEY '_','_','x','8','6','_','6','4'
#elif defined(__ppc__)
# define KEY '_','_','p','p','c','_','_'
#elif defined(__ppc64__)
# define KEY '_','_','p','p','c','6','4','_','_'
#elif defined(__aarch64__)
# define KEY '_','_','a','a','r','c','h','6','4','_','_'
#elif defined(__ARM_ARCH_7A__)
# define KEY '_','_','A','R','M','_','A','R','C','H','_','7','A','_','_'
#elif defined(__ARM_ARCH_7S__)
# define KEY '_','_','A','R','M','_','A','R','C','H','_','7','S','_','_'
#endif

#define SIZE (sizeof(INT32))
static char info_size[] =  {'I', 'N', 'F', 'O', ':', 's','i','z','e','[',
  ('0' + ((SIZE / 10000)%10)),
  ('0' + ((SIZE / 1000)%10)),
  ('0' + ((SIZE / 100)%10)),
  ('0' + ((SIZE / 10)%10)),
  ('0' +  (SIZE    % 10)),
  ']',
#ifdef KEY
  ' ','k','e','y','[', KEY, ']',
#endif
  '\0'};

#ifdef __CLASSIC_C__
int main(argc, argv) int argc; char *argv[];
#else
int main(int argc, char *argv[])
#endif
{
  int require = 0;
  require += info_size[argc];
  (void)argv;
  return require;
}


Determining if the function setmode exists failed with the following output:
Change Dir: /home/vivek/Desktop/elixir/task1b_number_detection/_build/dev/lib/evision/cmake_opencv_4.6.0/CMakeFiles/CMakeTmp

Run Build Command(s):/usr/bin/make cmTC_9d1a8/fast && make[1]: Entering directory '/home/vivek/Desktop/elixir/task1b_number_detection/_build/dev/lib/evision/cmake_opencv_4.6.0/CMakeFiles/CMakeTmp'
/usr/bin/make -f CMakeFiles/cmTC_9d1a8.dir/build.make CMakeFiles/cmTC_9d1a8.dir/build
make[2]: Entering directory '/home/vivek/Desktop/elixir/task1b_number_detection/_build/dev/lib/evision/cmake_opencv_4.6.0/CMakeFiles/CMakeTmp'
Building C object CMakeFiles/cmTC_9d1a8.dir/CheckFunctionExists.c.o
/usr/bin/cc   -DPNG_ARM_NEON_OPT=0   -fsigned-char -W -Wall -Wreturn-type -Waddress -Wsequence-point -Wformat -Wformat-security -Wmissing-declarations -Wmissing-prototypes -Wstrict-prototypes -Wundef -Winit-self -Wpointer-arith -Wshadow -Wuninitialized -Wno-comment -Wimplicit-fallthrough=3 -Wno-strict-overflow -fdiagnostics-show-option -Wno-long-long -pthread -fomit-frame-pointer -ffunction-sections -fdata-sections  -msse -msse2 -msse3 -fvisibility=hidden -DCHECK_FUNCTION_EXISTS=setmode -O3 -DNDEBUG  -DNDEBUG -fPIE   -o CMakeFiles/cmTC_9d1a8.dir/CheckFunctionExists.c.o   -c /usr/share/cmake-3.16/Modules/CheckFunctionExists.c
Linking C executable cmTC_9d1a8
/usr/bin/cmake -E cmake_link_script CMakeFiles/cmTC_9d1a8.dir/link.txt --verbose=1
/usr/bin/cc -DPNG_ARM_NEON_OPT=0   -fsigned-char -W -Wall -Wreturn-type -Waddress -Wsequence-point -Wformat -Wformat-security -Wmissing-declarations -Wmissing-prototypes -Wstrict-prototypes -Wundef -Winit-self -Wpointer-arith -Wshadow -Wuninitialized -Wno-comment -Wimplicit-fallthrough=3 -Wno-strict-overflow -fdiagnostics-show-option -Wno-long-long -pthread -fomit-frame-pointer -ffunction-sections -fdata-sections  -msse -msse2 -msse3 -fvisibility=hidden -DCHECK_FUNCTION_EXISTS=setmode -O3 -DNDEBUG  -DNDEBUG    -Wl,--gc-sections -Wl,--as-needed -Wl,--no-undefined  CMakeFiles/cmTC_9d1a8.dir/CheckFunctionExists.c.o  -o cmTC_9d1a8 
/usr/bin/ld: CMakeFiles/cmTC_9d1a8.dir/CheckFunctionExists.c.o: in function `main':
CheckFunctionExists.c:(.text.startup.main+0x10): undefined reference to `setmode'
collect2: error: ld returned 1 exit status
make[2]: *** [CMakeFiles/cmTC_9d1a8.dir/build.make:87: cmTC_9d1a8] Error 1
make[2]: Leaving directory '/home/vivek/Desktop/elixir/task1b_number_detection/_build/dev/lib/evision/cmake_opencv_4.6.0/CMakeFiles/CMakeTmp'
make[1]: *** [Makefile:121: cmTC_9d1a8/fast] Error 2
make[1]: Leaving directory '/home/vivek/Desktop/elixir/task1b_number_detection/_build/dev/lib/evision/cmake_opencv_4.6.0/CMakeFiles/CMakeTmp'



Build output check failed:
    Regex: 'unrecognized .*option'
    Output line: 'cc1: warning: unrecognized command line option ‘-Wno-array-parameter’'
Compilation failed:
    source file: '/home/vivek/Desktop/elixir/task1b_number_detection/_build/dev/lib/evision/cmake_opencv_4.6.0/CMakeFiles/CMakeTmp/src.c'
    check option: ' -Wno-array-parameter'
===== BUILD LOG =====
Change Dir: /home/vivek/Desktop/elixir/task1b_number_detection/_build/dev/lib/evision/cmake_opencv_4.6.0/CMakeFiles/CMakeTmp

Run Build Command(s):/usr/bin/make cmTC_2450f/fast && make[1]: Entering directory '/home/vivek/Desktop/elixir/task1b_number_detection/_build/dev/lib/evision/cmake_opencv_4.6.0/CMakeFiles/CMakeTmp'
/usr/bin/make -f CMakeFiles/cmTC_2450f.dir/build.make CMakeFiles/cmTC_2450f.dir/build
make[2]: Entering directory '/home/vivek/Desktop/elixir/task1b_number_detection/_build/dev/lib/evision/cmake_opencv_4.6.0/CMakeFiles/CMakeTmp'
Building C object CMakeFiles/cmTC_2450f.dir/src.c.o
/usr/bin/cc   -DPNG_ARM_NEON_OPT=0   -fsigned-char -W -Wall -Wreturn-type -Waddress -Wsequence-point -Wformat -Wformat-security -Wstrict-prototypes -Winit-self -Wpointer-arith -Wuninitialized -Wno-comment -Wno-strict-overflow -fdiagnostics-show-option -Wno-long-long -pthread -fomit-frame-pointer -ffunction-sections -fdata-sections  -msse -msse2 -msse3 -fvisibility=hidden -Wno-unused-but-set-variable -Wno-missing-prototypes -Wno-missing-declarations -Wno-undef -Wno-unused -Wno-sign-compare -Wno-cast-align -Wno-shadow -Wno-maybe-uninitialized -Wno-pointer-to-int-cast -Wno-int-to-pointer-cast -Wno-misleading-indentation -Wno-implicit-fallthrough -Wno-unused-parameter  -O3 -DNDEBUG  -DNDEBUG -fPIE    -Wno-array-parameter -o CMakeFiles/cmTC_2450f.dir/src.c.o   -c /home/vivek/Desktop/elixir/task1b_number_detection/_build/dev/lib/evision/cmake_opencv_4.6.0/CMakeFiles/CMakeTmp/src.c
/home/vivek/Desktop/elixir/task1b_number_detection/_build/dev/lib/evision/cmake_opencv_4.6.0/CMakeFiles/CMakeTmp/src.c:1: warning: ignoring #pragma   [-Wunknown-pragmas]
    1 | #pragma
      | 
cc1: warning: unrecognized command line option ‘-Wno-array-parameter’
Linking C executable cmTC_2450f
/usr/bin/cmake -E cmake_link_script CMakeFiles/cmTC_2450f.dir/link.txt --verbose=1
/usr/bin/cc -DPNG_ARM_NEON_OPT=0   -fsigned-char -W -Wall -Wreturn-type -Waddress -Wsequence-point -Wformat -Wformat-security -Wstrict-prototypes -Winit-self -Wpointer-arith -Wuninitialized -Wno-comment -Wno-strict-overflow -fdiagnostics-show-option -Wno-long-long -pthread -fomit-frame-pointer -ffunction-sections -fdata-sections  -msse -msse2 -msse3 -fvisibility=hidden -Wno-unused-but-set-variable -Wno-missing-prototypes -Wno-missing-declarations -Wno-undef -Wno-unused -Wno-sign-compare -Wno-cast-align -Wno-shadow -Wno-maybe-uninitialized -Wno-pointer-to-int-cast -Wno-int-to-pointer-cast -Wno-misleading-indentation -Wno-implicit-fallthrough -Wno-unused-parameter  -O3 -DNDEBUG  -DNDEBUG    -Wl,--gc-sections -Wl,--as-needed -Wl,--no-undefined  CMakeFiles/cmTC_2450f.dir/src.c.o  -o cmTC_2450f 
make[2]: Leaving directory '/home/vivek/Desktop/elixir/task1b_number_detection/_build/dev/lib/evision/cmake_opencv_4.6.0/CMakeFiles/CMakeTmp'
make[1]: Leaving directory '/home/vivek/Desktop/elixir/task1b_number_detection/_build/dev/lib/evision/cmake_opencv_4.6.0/CMakeFiles/CMakeTmp'


===== END =====

Build output check failed:
    Regex: 'command[- ]line option .* is valid for .* but not for C\+\+'
    Output line: 'cc1plus: warning: command line option ‘-Wno-missing-prototypes’ is valid for C/ObjC but not for C++'
Compilation failed:
    source file: '/home/vivek/Desktop/elixir/task1b_number_detection/_build/dev/lib/evision/cmake_opencv_4.6.0/CMakeFiles/CMakeTmp/src.cxx'
    check option: ' -Wno-missing-prototypes'
===== BUILD LOG =====
Change Dir: /home/vivek/Desktop/elixir/task1b_number_detection/_build/dev/lib/evision/cmake_opencv_4.6.0/CMakeFiles/CMakeTmp

Run Build Command(s):/usr/bin/make cmTC_2cbd8/fast && make[1]: Entering directory '/home/vivek/Desktop/elixir/task1b_number_detection/_build/dev/lib/evision/cmake_opencv_4.6.0/CMakeFiles/CMakeTmp'
/usr/bin/make -f CMakeFiles/cmTC_2cbd8.dir/build.make CMakeFiles/cmTC_2cbd8.dir/build
make[2]: Entering directory '/home/vivek/Desktop/elixir/task1b_number_detection/_build/dev/lib/evision/cmake_opencv_4.6.0/CMakeFiles/CMakeTmp'
Building CXX object CMakeFiles/cmTC_2cbd8.dir/src.cxx.o
/usr/bin/c++    -DPNG_ARM_NEON_OPT=0   -fsigned-char -W -Wall -Wreturn-type -Wnon-virtual-dtor -Waddress -Wsequence-point -Wformat -Wformat-security -Wundef -Winit-self -Wpointer-arith -Wshadow -Wsign-promo -Wuninitialized -Wsuggest-override -Wno-delete-non-virtual-dtor -Wno-comment -Wimplicit-fallthrough=3 -Wno-strict-overflow -fdiagnostics-show-option -Wno-long-long -pthread -fomit-frame-pointer -ffunction-sections -fdata-sections  -msse -msse2 -msse3 -fvisibility=hidden -fvisibility-inlines-hidden -Wno-missing-declarations -Wno-unused-parameter  -O3 -DNDEBUG  -DNDEBUG -fPIE    -Wno-missing-prototypes -std=c++11 -o CMakeFiles/cmTC_2cbd8.dir/src.cxx.o -c /home/vivek/Desktop/elixir/task1b_number_detection/_build/dev/lib/evision/cmake_opencv_4.6.0/CMakeFiles/CMakeTmp/src.cxx
cc1plus: warning: command line option ‘-Wno-missing-prototypes’ is valid for C/ObjC but not for C++
/home/vivek/Desktop/elixir/task1b_number_detection/_build/dev/lib/evision/cmake_opencv_4.6.0/CMakeFiles/CMakeTmp/src.cxx:1: warning: ignoring #pragma   [-Wunknown-pragmas]
    1 | #pragma
      | 
Linking CXX executable cmTC_2cbd8
/usr/bin/cmake -E cmake_link_script CMakeFiles/cmTC_2cbd8.dir/link.txt --verbose=1
/usr/bin/c++  -DPNG_ARM_NEON_OPT=0   -fsigned-char -W -Wall -Wreturn-type -Wnon-virtual-dtor -Waddress -Wsequence-point -Wformat -Wformat-security -Wundef -Winit-self -Wpointer-arith -Wshadow -Wsign-promo -Wuninitialized -Wsuggest-override -Wno-delete-non-virtual-dtor -Wno-comment -Wimplicit-fallthrough=3 -Wno-strict-overflow -fdiagnostics-show-option -Wno-long-long -pthread -fomit-frame-pointer -ffunction-sections -fdata-sections  -msse -msse2 -msse3 -fvisibility=hidden -fvisibility-inlines-hidden -Wno-missing-declarations -Wno-unused-parameter  -O3 -DNDEBUG  -DNDEBUG    -Wl,--gc-sections -Wl,--as-needed -Wl,--no-undefined  CMakeFiles/cmTC_2cbd8.dir/src.cxx.o  -o cmTC_2cbd8 
make[2]: Leaving directory '/home/vivek/Desktop/elixir/task1b_number_detection/_build/dev/lib/evision/cmake_opencv_4.6.0/CMakeFiles/CMakeTmp'
make[1]: Leaving directory '/home/vivek/Desktop/elixir/task1b_number_detection/_build/dev/lib/evision/cmake_opencv_4.6.0/CMakeFiles/CMakeTmp'


===== END =====

Build output check failed:
    Regex: 'unrecognized .*option'
    Output line: 'cc1: warning: unrecognized command line option ‘-Wno-implicit-const-int-float-conversion’'
Compilation failed:
    source file: '/home/vivek/Desktop/elixir/task1b_number_detection/_build/dev/lib/evision/cmake_opencv_4.6.0/CMakeFiles/CMakeTmp/src.c'
    check option: ' -Wno-implicit-const-int-float-conversion'
===== BUILD LOG =====
Change Dir: /home/vivek/Desktop/elixir/task1b_number_detection/_build/dev/lib/evision/cmake_opencv_4.6.0/CMakeFiles/CMakeTmp

Run Build Command(s):/usr/bin/make cmTC_8445f/fast && make[1]: Entering directory '/home/vivek/Desktop/elixir/task1b_number_detection/_build/dev/lib/evision/cmake_opencv_4.6.0/CMakeFiles/CMakeTmp'
/usr/bin/make -f CMakeFiles/cmTC_8445f.dir/build.make CMakeFiles/cmTC_8445f.dir/build
make[2]: Entering directory '/home/vivek/Desktop/elixir/task1b_number_detection/_build/dev/lib/evision/cmake_opencv_4.6.0/CMakeFiles/CMakeTmp'
Building C object CMakeFiles/cmTC_8445f.dir/src.c.o
/usr/bin/cc   -DPNG_ARM_NEON_OPT=0   -fsigned-char -W -Wall -Wreturn-type -Waddress -Wsequence-point -Wformat -Wformat-security -Wmissing-declarations -Wmissing-prototypes -Wstrict-prototypes -Wundef -Winit-self -Wpointer-arith -Wshadow -Wuninitialized -Wno-comment -Wimplicit-fallthrough=3 -Wno-strict-overflow -fdiagnostics-show-option -Wno-long-long -pthread -fomit-frame-pointer -ffunction-sections -fdata-sections  -msse -msse2 -msse3 -fvisibility=hidden  -O3 -DNDEBUG  -DNDEBUG -fPIE    -Wno-implicit-const-int-float-conversion -o CMakeFiles/cmTC_8445f.dir/src.c.o   -c /home/vivek/Desktop/elixir/task1b_number_detection/_build/dev/lib/evision/cmake_opencv_4.6.0/CMakeFiles/CMakeTmp/src.c
/home/vivek/Desktop/elixir/task1b_number_detection/_build/dev/lib/evision/cmake_opencv_4.6.0/CMakeFiles/CMakeTmp/src.c:1: warning: ignoring #pragma   [-Wunknown-pragmas]
    1 | #pragma
      | 
cc1: warning: unrecognized command line option ‘-Wno-implicit-const-int-float-conversion’
Linking C executable cmTC_8445f
/usr/bin/cmake -E cmake_link_script CMakeFiles/cmTC_8445f.dir/link.txt --verbose=1
/usr/bin/cc -DPNG_ARM_NEON_OPT=0   -fsigned-char -W -Wall -Wreturn-type -Waddress -Wsequence-point -Wformat -Wformat-security -Wmissing-declarations -Wmissing-prototypes -Wstrict-prototypes -Wundef -Winit-self -Wpointer-arith -Wshadow -Wuninitialized -Wno-comment -Wimplicit-fallthrough=3 -Wno-strict-overflow -fdiagnostics-show-option -Wno-long-long -pthread -fomit-frame-pointer -ffunction-sections -fdata-sections  -msse -msse2 -msse3 -fvisibility=hidden  -O3 -DNDEBUG  -DNDEBUG    -Wl,--gc-sections -Wl,--as-needed -Wl,--no-undefined  CMakeFiles/cmTC_8445f.dir/src.c.o  -o cmTC_8445f 
make[2]: Leaving directory '/home/vivek/Desktop/elixir/task1b_number_detection/_build/dev/lib/evision/cmake_opencv_4.6.0/CMakeFiles/CMakeTmp'
make[1]: Leaving directory '/home/vivek/Desktop/elixir/task1b_number_detection/_build/dev/lib/evision/cmake_opencv_4.6.0/CMakeFiles/CMakeTmp'


===== END =====

Determining if the _aligned_malloc exist failed with the following output:
Change Dir: /home/vivek/Desktop/elixir/task1b_number_detection/_build/dev/lib/evision/cmake_opencv_4.6.0/CMakeFiles/CMakeTmp

Run Build Command(s):/usr/bin/make cmTC_3f9f0/fast && make[1]: Entering directory '/home/vivek/Desktop/elixir/task1b_number_detection/_build/dev/lib/evision/cmake_opencv_4.6.0/CMakeFiles/CMakeTmp'
/usr/bin/make -f CMakeFiles/cmTC_3f9f0.dir/build.make CMakeFiles/cmTC_3f9f0.dir/build
make[2]: Entering directory '/home/vivek/Desktop/elixir/task1b_number_detection/_build/dev/lib/evision/cmake_opencv_4.6.0/CMakeFiles/CMakeTmp'
Building C object CMakeFiles/cmTC_3f9f0.dir/CheckSymbolExists.c.o
/usr/bin/cc   -DPNG_ARM_NEON_OPT=0   -fsigned-char -W -Wall -Wreturn-type -Waddress -Wsequence-point -Wformat -Wformat-security -Wmissing-declarations -Wmissing-prototypes -Wstrict-prototypes -Wundef -Winit-self -Wpointer-arith -Wshadow -Wuninitialized -Wno-comment -Wimplicit-fallthrough=3 -Wno-strict-overflow -fdiagnostics-show-option -Wno-long-long -pthread -fomit-frame-pointer -ffunction-sections -fdata-sections  -msse -msse2 -msse3 -fvisibility=hidden -Wno-unused-but-set-variable  -O3 -DNDEBUG  -DNDEBUG -fPIE   -o CMakeFiles/cmTC_3f9f0.dir/CheckSymbolExists.c.o   -c /home/vivek/Desktop/elixir/task1b_number_detection/_build/dev/lib/evision/cmake_opencv_4.6.0/CMakeFiles/CMakeTmp/CheckSymbolExists.c
/home/vivek/Desktop/elixir/task1b_number_detection/_build/dev/lib/evision/cmake_opencv_4.6.0/CMakeFiles/CMakeTmp/CheckSymbolExists.c: In function ‘main’:
/home/vivek/Desktop/elixir/task1b_number_detection/_build/dev/lib/evision/cmake_opencv_4.6.0/CMakeFiles/CMakeTmp/CheckSymbolExists.c:8:19: error: ‘_aligned_malloc’ undeclared (first use in this function)
    8 |   return ((int*)(&_aligned_malloc))[argc];
      |                   ^~~~~~~~~~~~~~~
/home/vivek/Desktop/elixir/task1b_number_detection/_build/dev/lib/evision/cmake_opencv_4.6.0/CMakeFiles/CMakeTmp/CheckSymbolExists.c:8:19: note: each undeclared identifier is reported only once for each function it appears in
/home/vivek/Desktop/elixir/task1b_number_detection/_build/dev/lib/evision/cmake_opencv_4.6.0/CMakeFiles/CMakeTmp/CheckSymbolExists.c:4:14: warning: parameter ‘argc’ set but not used [-Wunused-but-set-parameter]
    4 | int main(int argc, char** argv)
      |          ~~~~^~~~
make[2]: *** [CMakeFiles/cmTC_3f9f0.dir/build.make:66: CMakeFiles/cmTC_3f9f0.dir/CheckSymbolExists.c.o] Error 1
make[2]: Leaving directory '/home/vivek/Desktop/elixir/task1b_number_detection/_build/dev/lib/evision/cmake_opencv_4.6.0/CMakeFiles/CMakeTmp'
make[1]: *** [Makefile:121: cmTC_3f9f0/fast] Error 2
make[1]: Leaving directory '/home/vivek/Desktop/elixir/task1b_number_detection/_build/dev/lib/evision/cmake_opencv_4.6.0/CMakeFiles/CMakeTmp'


File /home/vivek/Desktop/elixir/task1b_number_detection/_build/dev/lib/evision/cmake_opencv_4.6.0/CMakeFiles/CMakeTmp/CheckSymbolExists.c:
/* */
#include <malloc.h>

int main(int argc, char** argv)
{
  (void)argv;
#ifndef _aligned_malloc
  return ((int*)(&_aligned_malloc))[argc];
#else
  (void)argc;
  return 0;
#endif
}
Build output check failed:
    Regex: 'unrecognized .*option'
    Output line: 'cc1: warning: unrecognized command line option ‘-Wno-null-pointer-subtraction’'
Compilation failed:
    source file: '/home/vivek/Desktop/elixir/task1b_number_detection/_build/dev/lib/evision/cmake_opencv_4.6.0/CMakeFiles/CMakeTmp/src.c'
    check option: ' -Wno-null-pointer-subtraction'
===== BUILD LOG =====
Change Dir: /home/vivek/Desktop/elixir/task1b_number_detection/_build/dev/lib/evision/cmake_opencv_4.6.0/CMakeFiles/CMakeTmp

Run Build Command(s):/usr/bin/make cmTC_e77e5/fast && make[1]: Entering directory '/home/vivek/Desktop/elixir/task1b_number_detection/_build/dev/lib/evision/cmake_opencv_4.6.0/CMakeFiles/CMakeTmp'
/usr/bin/make -f CMakeFiles/cmTC_e77e5.dir/build.make CMakeFiles/cmTC_e77e5.dir/build
make[2]: Entering directory '/home/vivek/Desktop/elixir/task1b_number_detection/_build/dev/lib/evision/cmake_opencv_4.6.0/CMakeFiles/CMakeTmp'
Building C object CMakeFiles/cmTC_e77e5.dir/src.c.o
/usr/bin/cc   -DPNG_ARM_NEON_OPT=0   -fsigned-char -W -Wall -Wreturn-type -Waddress -Wsequence-point -Wformat -Wformat-security -Wmissing-declarations -Wmissing-prototypes -Wstrict-prototypes -Winit-self -Wpointer-arith -Wshadow -Wuninitialized -Wno-comment -Wno-strict-overflow -fdiagnostics-show-option -Wno-long-long -pthread -fomit-frame-pointer -ffunction-sections -fdata-sections  -msse -msse2 -msse3 -fvisibility=hidden -Wno-undef -Wno-cast-align -Wno-implicit-fallthrough -Wno-unused-parameter -Wno-sign-compare -Wno-maybe-uninitialized  -O3 -DNDEBUG  -DNDEBUG -fPIE    -Wno-null-pointer-subtraction -o CMakeFiles/cmTC_e77e5.dir/src.c.o   -c /home/vivek/Desktop/elixir/task1b_number_detection/_build/dev/lib/evision/cmake_opencv_4.6.0/CMakeFiles/CMakeTmp/src.c
/home/vivek/Desktop/elixir/task1b_number_detection/_build/dev/lib/evision/cmake_opencv_4.6.0/CMakeFiles/CMakeTmp/src.c:1: warning: ignoring #pragma   [-Wunknown-pragmas]
    1 | #pragma
      | 
cc1: warning: unrecognized command line option ‘-Wno-null-pointer-subtraction’
Linking C executable cmTC_e77e5
/usr/bin/cmake -E cmake_link_script CMakeFiles/cmTC_e77e5.dir/link.txt --verbose=1
/usr/bin/cc -DPNG_ARM_NEON_OPT=0   -fsigned-char -W -Wall -Wreturn-type -Waddress -Wsequence-point -Wformat -Wformat-security -Wmissing-declarations -Wmissing-prototypes -Wstrict-prototypes -Winit-self -Wpointer-arith -Wshadow -Wuninitialized -Wno-comment -Wno-strict-overflow -fdiagnostics-show-option -Wno-long-long -pthread -fomit-frame-pointer -ffunction-sections -fdata-sections  -msse -msse2 -msse3 -fvisibility=hidden -Wno-undef -Wno-cast-align -Wno-implicit-fallthrough -Wno-unused-parameter -Wno-sign-compare -Wno-maybe-uninitialized  -O3 -DNDEBUG  -DNDEBUG    -Wl,--gc-sections -Wl,--as-needed -Wl,--no-undefined  CMakeFiles/cmTC_e77e5.dir/src.c.o  -o cmTC_e77e5 
make[2]: Leaving directory '/home/vivek/Desktop/elixir/task1b_number_detection/_build/dev/lib/evision/cmake_opencv_4.6.0/CMakeFiles/CMakeTmp'
make[1]: Leaving directory '/home/vivek/Desktop/elixir/task1b_number_detection/_build/dev/lib/evision/cmake_opencv_4.6.0/CMakeFiles/CMakeTmp'


===== END =====

Build output check failed:
    Regex: 'unrecognized .*option'
    Output line: 'cc1plus: warning: unrecognized command line option ‘-Wno-inconsistent-missing-override’'
Compilation failed:
    source file: '/home/vivek/Desktop/elixir/task1b_number_detection/_build/dev/lib/evision/cmake_opencv_4.6.0/CMakeFiles/CMakeTmp/src.cxx'
    check option: ' -Wno-inconsistent-missing-override'
===== BUILD LOG =====
Change Dir: /home/vivek/Desktop/elixir/task1b_number_detection/_build/dev/lib/evision/cmake_opencv_4.6.0/CMakeFiles/CMakeTmp

Run Build Command(s):/usr/bin/make cmTC_5ed40/fast && make[1]: Entering directory '/home/vivek/Desktop/elixir/task1b_number_detection/_build/dev/lib/evision/cmake_opencv_4.6.0/CMakeFiles/CMakeTmp'
/usr/bin/make -f CMakeFiles/cmTC_5ed40.dir/build.make CMakeFiles/cmTC_5ed40.dir/build
make[2]: Entering directory '/home/vivek/Desktop/elixir/task1b_number_detection/_build/dev/lib/evision/cmake_opencv_4.6.0/CMakeFiles/CMakeTmp'
Building CXX object CMakeFiles/cmTC_5ed40.dir/src.cxx.o
/usr/bin/c++    -DPNG_ARM_NEON_OPT=0   -fsigned-char -W -Wall -Wreturn-type -Wnon-virtual-dtor -Waddress -Wsequence-point -Wformat -Wformat-security -Winit-self -Wpointer-arith -Wsign-promo -Wno-delete-non-virtual-dtor -Wno-comment -Wimplicit-fallthrough=3 -Wno-strict-overflow -fdiagnostics-show-option -Wno-long-long -pthread -fomit-frame-pointer -ffunction-sections -fdata-sections  -msse -msse2 -msse3 -fvisibility=hidden -fvisibility-inlines-hidden -Wno-shadow -Wno-unused -Wno-sign-compare -Wno-undef -Wno-missing-declarations -Wno-uninitialized -Wno-switch -Wno-parentheses -Wno-array-bounds -Wno-extra -Wno-deprecated-declarations -Wno-misleading-indentation -Wno-deprecated -Wno-suggest-override  -O3 -DNDEBUG  -DNDEBUG -fPIE    -Wno-inconsistent-missing-override -std=c++11 -o CMakeFiles/cmTC_5ed40.dir/src.cxx.o -c /home/vivek/Desktop/elixir/task1b_number_detection/_build/dev/lib/evision/cmake_opencv_4.6.0/CMakeFiles/CMakeTmp/src.cxx
/home/vivek/Desktop/elixir/task1b_number_detection/_build/dev/lib/evision/cmake_opencv_4.6.0/CMakeFiles/CMakeTmp/src.cxx:1: warning: ignoring #pragma   [-Wunknown-pragmas]
    1 | #pragma
      | 
cc1plus: warning: unrecognized command line option ‘-Wno-inconsistent-missing-override’
Linking CXX executable cmTC_5ed40
/usr/bin/cmake -E cmake_link_script CMakeFiles/cmTC_5ed40.dir/link.txt --verbose=1
/usr/bin/c++  -DPNG_ARM_NEON_OPT=0   -fsigned-char -W -Wall -Wreturn-type -Wnon-virtual-dtor -Waddress -Wsequence-point -Wformat -Wformat-security -Winit-self -Wpointer-arith -Wsign-promo -Wno-delete-non-virtual-dtor -Wno-comment -Wimplicit-fallthrough=3 -Wno-strict-overflow -fdiagnostics-show-option -Wno-long-long -pthread -fomit-frame-pointer -ffunction-sections -fdata-sections  -msse -msse2 -msse3 -fvisibility=hidden -fvisibility-inlines-hidden -Wno-shadow -Wno-unused -Wno-sign-compare -Wno-undef -Wno-missing-declarations -Wno-uninitialized -Wno-switch -Wno-parentheses -Wno-array-bounds -Wno-extra -Wno-deprecated-declarations -Wno-misleading-indentation -Wno-deprecated -Wno-suggest-override  -O3 -DNDEBUG  -DNDEBUG    -Wl,--gc-sections -Wl,--as-needed -Wl,--no-undefined  CMakeFiles/cmTC_5ed40.dir/src.cxx.o  -o cmTC_5ed40 
make[2]: Leaving directory '/home/vivek/Desktop/elixir/task1b_number_detection/_build/dev/lib/evision/cmake_opencv_4.6.0/CMakeFiles/CMakeTmp'
make[1]: Leaving directory '/home/vivek/Desktop/elixir/task1b_number_detection/_build/dev/lib/evision/cmake_opencv_4.6.0/CMakeFiles/CMakeTmp'


===== END =====

Build output check failed:
    Regex: 'unrecognized .*option'
    Output line: 'cc1plus: warning: unrecognized command line option ‘-Wno-implicit-const-int-float-conversion’'
Compilation failed:
    source file: '/home/vivek/Desktop/elixir/task1b_number_detection/_build/dev/lib/evision/cmake_opencv_4.6.0/CMakeFiles/CMakeTmp/src.cxx'
    check option: ' -Wno-implicit-const-int-float-conversion'
===== BUILD LOG =====
Change Dir: /home/vivek/Desktop/elixir/task1b_number_detection/_build/dev/lib/evision/cmake_opencv_4.6.0/CMakeFiles/CMakeTmp

Run Build Command(s):/usr/bin/make cmTC_48a2a/fast && make[1]: Entering directory '/home/vivek/Desktop/elixir/task1b_number_detection/_build/dev/lib/evision/cmake_opencv_4.6.0/CMakeFiles/CMakeTmp'
/usr/bin/make -f CMakeFiles/cmTC_48a2a.dir/build.make CMakeFiles/cmTC_48a2a.dir/build
make[2]: Entering directory '/home/vivek/Desktop/elixir/task1b_number_detection/_build/dev/lib/evision/cmake_opencv_4.6.0/CMakeFiles/CMakeTmp'
Building CXX object CMakeFiles/cmTC_48a2a.dir/src.cxx.o
/usr/bin/c++    -DPNG_ARM_NEON_OPT=0   -fsigned-char -W -Wall -Wreturn-type -Wnon-virtual-dtor -Waddress -Wsequence-point -Wformat -Wformat-security -Winit-self -Wpointer-arith -Wsign-promo -Wno-delete-non-virtual-dtor -Wno-comment -Wno-strict-overflow -fdiagnostics-show-option -Wno-long-long -pthread -fomit-frame-pointer -ffunction-sections -fdata-sections  -msse -msse2 -msse3 -fvisibility=hidden -fvisibility-inlines-hidden -Wno-shadow -Wno-unused -Wno-sign-compare -Wno-undef -Wno-missing-declarations -Wno-uninitialized -Wno-switch -Wno-parentheses -Wno-array-bounds -Wno-extra -Wno-deprecated-declarations -Wno-misleading-indentation -Wno-deprecated -Wno-suggest-override -Wno-implicit-fallthrough -Wno-tautological-compare -Wno-reorder -Wno-unused-result  -O3 -DNDEBUG  -DNDEBUG -fPIE    -Wno-implicit-const-int-float-conversion -std=c++11 -o CMakeFiles/cmTC_48a2a.dir/src.cxx.o -c /home/vivek/Desktop/elixir/task1b_number_detection/_build/dev/lib/evision/cmake_opencv_4.6.0/CMakeFiles/CMakeTmp/src.cxx
/home/vivek/Desktop/elixir/task1b_number_detection/_build/dev/lib/evision/cmake_opencv_4.6.0/CMakeFiles/CMakeTmp/src.cxx:1: warning: ignoring #pragma   [-Wunknown-pragmas]
    1 | #pragma
      | 
cc1plus: warning: unrecognized command line option ‘-Wno-implicit-const-int-float-conversion’
Linking CXX executable cmTC_48a2a
/usr/bin/cmake -E cmake_link_script CMakeFiles/cmTC_48a2a.dir/link.txt --verbose=1
/usr/bin/c++  -DPNG_ARM_NEON_OPT=0   -fsigned-char -W -Wall -Wreturn-type -Wnon-virtual-dtor -Waddress -Wsequence-point -Wformat -Wformat-security -Winit-self -Wpointer-arith -Wsign-promo -Wno-delete-non-virtual-dtor -Wno-comment -Wno-strict-overflow -fdiagnostics-show-option -Wno-long-long -pthread -fomit-frame-pointer -ffunction-sections -fdata-sections  -msse -msse2 -msse3 -fvisibility=hidden -fvisibility-inlines-hidden -Wno-shadow -Wno-unused -Wno-sign-compare -Wno-undef -Wno-missing-declarations -Wno-uninitialized -Wno-switch -Wno-parentheses -Wno-array-bounds -Wno-extra -Wno-deprecated-declarations -Wno-misleading-indentation -Wno-deprecated -Wno-suggest-override -Wno-implicit-fallthrough -Wno-tautological-compare -Wno-reorder -Wno-unused-result  -O3 -DNDEBUG  -DNDEBUG    -Wl,--gc-sections -Wl,--as-needed -Wl,--no-undefined  CMakeFiles/cmTC_48a2a.dir/src.cxx.o  -o cmTC_48a2a 
make[2]: Leaving directory '/home/vivek/Desktop/elixir/task1b_number_detection/_build/dev/lib/evision/cmake_opencv_4.6.0/CMakeFiles/CMakeTmp'
make[1]: Leaving directory '/home/vivek/Desktop/elixir/task1b_number_detection/_build/dev/lib/evision/cmake_opencv_4.6.0/CMakeFiles/CMakeTmp'


===== END =====

Determining if the function sgemm_ exists failed with the following output:
Change Dir: /home/vivek/Desktop/elixir/task1b_number_detection/_build/dev/lib/evision/cmake_opencv_4.6.0/CMakeFiles/CMakeTmp

Run Build Command(s):/usr/bin/make cmTC_a84f1/fast && make[1]: Entering directory '/home/vivek/Desktop/elixir/task1b_number_detection/_build/dev/lib/evision/cmake_opencv_4.6.0/CMakeFiles/CMakeTmp'
/usr/bin/make -f CMakeFiles/cmTC_a84f1.dir/build.make CMakeFiles/cmTC_a84f1.dir/build
make[2]: Entering directory '/home/vivek/Desktop/elixir/task1b_number_detection/_build/dev/lib/evision/cmake_opencv_4.6.0/CMakeFiles/CMakeTmp'
Building C object CMakeFiles/cmTC_a84f1.dir/CheckFunctionExists.c.o
/usr/bin/cc   -DPNG_ARM_NEON_OPT=0   -fsigned-char -W -Wall -Wreturn-type -Waddress -Wsequence-point -Wformat -Wformat-security -Wmissing-declarations -Wmissing-prototypes -Wstrict-prototypes -Wundef -Winit-self -Wpointer-arith -Wshadow -Wuninitialized -Wno-comment -Wimplicit-fallthrough=3 -Wno-strict-overflow -fdiagnostics-show-option -Wno-long-long -pthread -fomit-frame-pointer -ffunction-sections -fdata-sections  -msse -msse2 -msse3 -fvisibility=hidden -DCHECK_FUNCTION_EXISTS=sgemm_ -O3 -DNDEBUG  -DNDEBUG -fPIE   -o CMakeFiles/cmTC_a84f1.dir/CheckFunctionExists.c.o   -c /usr/share/cmake-3.16/Modules/CheckFunctionExists.c
Linking C executable cmTC_a84f1
/usr/bin/cmake -E cmake_link_script CMakeFiles/cmTC_a84f1.dir/link.txt --verbose=1
/usr/bin/cc -DPNG_ARM_NEON_OPT=0   -fsigned-char -W -Wall -Wreturn-type -Waddress -Wsequence-point -Wformat -Wformat-security -Wmissing-declarations -Wmissing-prototypes -Wstrict-prototypes -Wundef -Winit-self -Wpointer-arith -Wshadow -Wuninitialized -Wno-comment -Wimplicit-fallthrough=3 -Wno-strict-overflow -fdiagnostics-show-option -Wno-long-long -pthread -fomit-frame-pointer -ffunction-sections -fdata-sections  -msse -msse2 -msse3 -fvisibility=hidden -DCHECK_FUNCTION_EXISTS=sgemm_ -O3 -DNDEBUG  -DNDEBUG    -Wl,--gc-sections -Wl,--as-needed -Wl,--no-undefined  CMakeFiles/cmTC_a84f1.dir/CheckFunctionExists.c.o  -o cmTC_a84f1 
/usr/bin/ld: CMakeFiles/cmTC_a84f1.dir/CheckFunctionExists.c.o: in function `main':
CheckFunctionExists.c:(.text.startup.main+0x10): undefined reference to `sgemm_'
collect2: error: ld returned 1 exit status
make[2]: *** [CMakeFiles/cmTC_a84f1.dir/build.make:87: cmTC_a84f1] Error 1
make[2]: Leaving directory '/home/vivek/Desktop/elixir/task1b_number_detection/_build/dev/lib/evision/cmake_opencv_4.6.0/CMakeFiles/CMakeTmp'
make[1]: *** [Makefile:121: cmTC_a84f1/fast] Error 2
make[1]: Leaving directory '/home/vivek/Desktop/elixir/task1b_number_detection/_build/dev/lib/evision/cmake_opencv_4.6.0/CMakeFiles/CMakeTmp'



Build output check failed:
    Regex: 'unrecognized .*option'
    Output line: 'cc1plus: warning: unrecognized command line option ‘-Wno-tautological-undefined-compare’'
Compilation failed:
    source file: '/home/vivek/Desktop/elixir/task1b_number_detection/_build/dev/lib/evision/cmake_opencv_4.6.0/CMakeFiles/CMakeTmp/src.cxx'
    check option: ' -Wno-tautological-undefined-compare'
===== BUILD LOG =====
Change Dir: /home/vivek/Desktop/elixir/task1b_number_detection/_build/dev/lib/evision/cmake_opencv_4.6.0/CMakeFiles/CMakeTmp

Run Build Command(s):/usr/bin/make cmTC_9f88f/fast && make[1]: Entering directory '/home/vivek/Desktop/elixir/task1b_number_detection/_build/dev/lib/evision/cmake_opencv_4.6.0/CMakeFiles/CMakeTmp'
/usr/bin/make -f CMakeFiles/cmTC_9f88f.dir/build.make CMakeFiles/cmTC_9f88f.dir/build
make[2]: Entering directory '/home/vivek/Desktop/elixir/task1b_number_detection/_build/dev/lib/evision/cmake_opencv_4.6.0/CMakeFiles/CMakeTmp'
Building CXX object CMakeFiles/cmTC_9f88f.dir/src.cxx.o
/usr/bin/c++    -DPNG_ARM_NEON_OPT=0   -fsigned-char -W -Wall -Wreturn-type -Wnon-virtual-dtor -Waddress -Wsequence-point -Wformat -Wformat-security -Winit-self -Wpointer-arith -Wuninitialized -Wsuggest-override -Wno-delete-non-virtual-dtor -Wno-comment -Wimplicit-fallthrough=3 -Wno-strict-overflow -fdiagnostics-show-option -Wno-long-long -pthread -fomit-frame-pointer -ffunction-sections -fdata-sections  -msse -msse2 -msse3 -fvisibility=hidden -fvisibility-inlines-hidden -Wno-deprecated -Wno-missing-declarations -Wno-shadow -Wno-unused-parameter -Wno-unused-local-typedefs -Wno-sign-compare -Wno-sign-promo -Wno-undef  -O3 -DNDEBUG  -DNDEBUG -fPIE    -Wno-tautological-undefined-compare -std=c++11 -o CMakeFiles/cmTC_9f88f.dir/src.cxx.o -c /home/vivek/Desktop/elixir/task1b_number_detection/_build/dev/lib/evision/cmake_opencv_4.6.0/CMakeFiles/CMakeTmp/src.cxx
/home/vivek/Desktop/elixir/task1b_number_detection/_build/dev/lib/evision/cmake_opencv_4.6.0/CMakeFiles/CMakeTmp/src.cxx:1: warning: ignoring #pragma   [-Wunknown-pragmas]
    1 | #pragma
      | 
cc1plus: warning: unrecognized command line option ‘-Wno-tautological-undefined-compare’
Linking CXX executable cmTC_9f88f
/usr/bin/cmake -E cmake_link_script CMakeFiles/cmTC_9f88f.dir/link.txt --verbose=1
/usr/bin/c++  -DPNG_ARM_NEON_OPT=0   -fsigned-char -W -Wall -Wreturn-type -Wnon-virtual-dtor -Waddress -Wsequence-point -Wformat -Wformat-security -Winit-self -Wpointer-arith -Wuninitialized -Wsuggest-override -Wno-delete-non-virtual-dtor -Wno-comment -Wimplicit-fallthrough=3 -Wno-strict-overflow -fdiagnostics-show-option -Wno-long-long -pthread -fomit-frame-pointer -ffunction-sections -fdata-sections  -msse -msse2 -msse3 -fvisibility=hidden -fvisibility-inlines-hidden -Wno-deprecated -Wno-missing-declarations -Wno-shadow -Wno-unused-parameter -Wno-unused-local-typedefs -Wno-sign-compare -Wno-sign-promo -Wno-undef  -O3 -DNDEBUG  -DNDEBUG    -Wl,--gc-sections -Wl,--as-needed -Wl,--no-undefined  CMakeFiles/cmTC_9f88f.dir/src.cxx.o  -o cmTC_9f88f 
make[2]: Leaving directory '/home/vivek/Desktop/elixir/task1b_number_detection/_build/dev/lib/evision/cmake_opencv_4.6.0/CMakeFiles/CMakeTmp'
make[1]: Leaving directory '/home/vivek/Desktop/elixir/task1b_number_detection/_build/dev/lib/evision/cmake_opencv_4.6.0/CMakeFiles/CMakeTmp'


===== END =====

Build output check failed:
    Regex: 'unrecognized .*option'
    Output line: 'cc1plus: warning: unrecognized command line option ‘-Wno-shorten-64-to-32’'
Compilation failed:
    source file: '/home/vivek/Desktop/elixir/task1b_number_detection/_build/dev/lib/evision/cmake_opencv_4.6.0/CMakeFiles/CMakeTmp/src.cxx'
    check option: ' -Wno-shorten-64-to-32'
===== BUILD LOG =====
Change Dir: /home/vivek/Desktop/elixir/task1b_number_detection/_build/dev/lib/evision/cmake_opencv_4.6.0/CMakeFiles/CMakeTmp

Run Build Command(s):/usr/bin/make cmTC_e294e/fast && make[1]: Entering directory '/home/vivek/Desktop/elixir/task1b_number_detection/_build/dev/lib/evision/cmake_opencv_4.6.0/CMakeFiles/CMakeTmp'
/usr/bin/make -f CMakeFiles/cmTC_e294e.dir/build.make CMakeFiles/cmTC_e294e.dir/build
make[2]: Entering directory '/home/vivek/Desktop/elixir/task1b_number_detection/_build/dev/lib/evision/cmake_opencv_4.6.0/CMakeFiles/CMakeTmp'
Building CXX object CMakeFiles/cmTC_e294e.dir/src.cxx.o
/usr/bin/c++    -DPNG_ARM_NEON_OPT=0   -fsigned-char -W -Wall -Wreturn-type -Wnon-virtual-dtor -Waddress -Wsequence-point -Wformat -Wformat-security -Winit-self -Wpointer-arith -Wuninitialized -Wsuggest-override -Wno-delete-non-virtual-dtor -Wno-comment -Wimplicit-fallthrough=3 -Wno-strict-overflow -fdiagnostics-show-option -Wno-long-long -pthread -fomit-frame-pointer -ffunction-sections -fdata-sections  -msse -msse2 -msse3 -fvisibility=hidden -fvisibility-inlines-hidden -Wno-deprecated -Wno-missing-declarations -Wno-shadow -Wno-unused-parameter -Wno-unused-local-typedefs -Wno-sign-compare -Wno-sign-promo -Wno-undef -Wno-ignored-qualifiers -Wno-extra -Wno-unused-function -Wno-unused-const-variable  -O3 -DNDEBUG  -DNDEBUG -fPIE    -Wno-shorten-64-to-32 -std=c++11 -o CMakeFiles/cmTC_e294e.dir/src.cxx.o -c /home/vivek/Desktop/elixir/task1b_number_detection/_build/dev/lib/evision/cmake_opencv_4.6.0/CMakeFiles/CMakeTmp/src.cxx
/home/vivek/Desktop/elixir/task1b_number_detection/_build/dev/lib/evision/cmake_opencv_4.6.0/CMakeFiles/CMakeTmp/src.cxx:1: warning: ignoring #pragma   [-Wunknown-pragmas]
    1 | #pragma
      | 
cc1plus: warning: unrecognized command line option ‘-Wno-shorten-64-to-32’
Linking CXX executable cmTC_e294e
/usr/bin/cmake -E cmake_link_script CMakeFiles/cmTC_e294e.dir/link.txt --verbose=1
/usr/bin/c++  -DPNG_ARM_NEON_OPT=0   -fsigned-char -W -Wall -Wreturn-type -Wnon-virtual-dtor -Waddress -Wsequence-point -Wformat -Wformat-security -Winit-self -Wpointer-arith -Wuninitialized -Wsuggest-override -Wno-delete-non-virtual-dtor -Wno-comment -Wimplicit-fallthrough=3 -Wno-strict-overflow -fdiagnostics-show-option -Wno-long-long -pthread -fomit-frame-pointer -ffunction-sections -fdata-sections  -msse -msse2 -msse3 -fvisibility=hidden -fvisibility-inlines-hidden -Wno-deprecated -Wno-missing-declarations -Wno-shadow -Wno-unused-parameter -Wno-unused-local-typedefs -Wno-sign-compare -Wno-sign-promo -Wno-undef -Wno-ignored-qualifiers -Wno-extra -Wno-unused-function -Wno-unused-const-variable  -O3 -DNDEBUG  -DNDEBUG    -Wl,--gc-sections -Wl,--as-needed -Wl,--no-undefined  CMakeFiles/cmTC_e294e.dir/src.cxx.o  -o cmTC_e294e 
make[2]: Leaving directory '/home/vivek/Desktop/elixir/task1b_number_detection/_build/dev/lib/evision/cmake_opencv_4.6.0/CMakeFiles/CMakeTmp'
make[1]: Leaving directory '/home/vivek/Desktop/elixir/task1b_number_detection/_build/dev/lib/evision/cmake_opencv_4.6.0/CMakeFiles/CMakeTmp'


===== END =====

Build output check failed:
    Regex: 'unrecognized .*option'
    Output line: 'cc1plus: warning: unrecognized command line option ‘-Wno-enum-compare-switch’'
Compilation failed:
    source file: '/home/vivek/Desktop/elixir/task1b_number_detection/_build/dev/lib/evision/cmake_opencv_4.6.0/CMakeFiles/CMakeTmp/src.cxx'
    check option: ' -Wno-enum-compare-switch'
===== BUILD LOG =====
Change Dir: /home/vivek/Desktop/elixir/task1b_number_detection/_build/dev/lib/evision/cmake_opencv_4.6.0/CMakeFiles/CMakeTmp

Run Build Command(s):/usr/bin/make cmTC_46e4e/fast && make[1]: Entering directory '/home/vivek/Desktop/elixir/task1b_number_detection/_build/dev/lib/evision/cmake_opencv_4.6.0/CMakeFiles/CMakeTmp'
/usr/bin/make -f CMakeFiles/cmTC_46e4e.dir/build.make CMakeFiles/cmTC_46e4e.dir/build
make[2]: Entering directory '/home/vivek/Desktop/elixir/task1b_number_detection/_build/dev/lib/evision/cmake_opencv_4.6.0/CMakeFiles/CMakeTmp'
Building CXX object CMakeFiles/cmTC_46e4e.dir/src.cxx.o
/usr/bin/c++    -DPNG_ARM_NEON_OPT=0   -fsigned-char -W -Wall -Wreturn-type -Wnon-virtual-dtor -Waddress -Wsequence-point -Wformat -Wformat-security -Winit-self -Wpointer-arith -Wuninitialized -Wsuggest-override -Wno-delete-non-virtual-dtor -Wno-comment -Wimplicit-fallthrough=3 -Wno-strict-overflow -fdiagnostics-show-option -Wno-long-long -pthread -fomit-frame-pointer -ffunction-sections -fdata-sections  -msse -msse2 -msse3 -fvisibility=hidden -fvisibility-inlines-hidden -Wno-deprecated -Wno-missing-declarations -Wno-shadow -Wno-unused-parameter -Wno-unused-local-typedefs -Wno-sign-compare -Wno-sign-promo -Wno-undef -Wno-ignored-qualifiers -Wno-extra -Wno-unused-function -Wno-unused-const-variable -Wno-invalid-offsetof  -O3 -DNDEBUG  -DNDEBUG -fPIE    -Wno-enum-compare-switch -std=c++11 -o CMakeFiles/cmTC_46e4e.dir/src.cxx.o -c /home/vivek/Desktop/elixir/task1b_number_detection/_build/dev/lib/evision/cmake_opencv_4.6.0/CMakeFiles/CMakeTmp/src.cxx
/home/vivek/Desktop/elixir/task1b_number_detection/_build/dev/lib/evision/cmake_opencv_4.6.0/CMakeFiles/CMakeTmp/src.cxx:1: warning: ignoring #pragma   [-Wunknown-pragmas]
    1 | #pragma
      | 
cc1plus: warning: unrecognized command line option ‘-Wno-enum-compare-switch’
Linking CXX executable cmTC_46e4e
/usr/bin/cmake -E cmake_link_script CMakeFiles/cmTC_46e4e.dir/link.txt --verbose=1
/usr/bin/c++  -DPNG_ARM_NEON_OPT=0   -fsigned-char -W -Wall -Wreturn-type -Wnon-virtual-dtor -Waddress -Wsequence-point -Wformat -Wformat-security -Winit-self -Wpointer-arith -Wuninitialized -Wsuggest-override -Wno-delete-non-virtual-dtor -Wno-comment -Wimplicit-fallthrough=3 -Wno-strict-overflow -fdiagnostics-show-option -Wno-long-long -pthread -fomit-frame-pointer -ffunction-sections -fdata-sections  -msse -msse2 -msse3 -fvisibility=hidden -fvisibility-inlines-hidden -Wno-deprecated -Wno-missing-declarations -Wno-shadow -Wno-unused-parameter -Wno-unused-local-typedefs -Wno-sign-compare -Wno-sign-promo -Wno-undef -Wno-ignored-qualifiers -Wno-extra -Wno-unused-function -Wno-unused-const-variable -Wno-invalid-offsetof  -O3 -DNDEBUG  -DNDEBUG    -Wl,--gc-sections -Wl,--as-needed -Wl,--no-undefined  CMakeFiles/cmTC_46e4e.dir/src.cxx.o  -o cmTC_46e4e 
make[2]: Leaving directory '/home/vivek/Desktop/elixir/task1b_number_detection/_build/dev/lib/evision/cmake_opencv_4.6.0/CMakeFiles/CMakeTmp'
make[1]: Leaving directory '/home/vivek/Desktop/elixir/task1b_number_detection/_build/dev/lib/evision/cmake_opencv_4.6.0/CMakeFiles/CMakeTmp'


===== END =====

Determining if the include file sys/videoio.h exists failed with the following output:
Change Dir: /home/vivek/Desktop/elixir/task1b_number_detection/_build/dev/lib/evision/cmake_opencv_4.6.0/CMakeFiles/CMakeTmp

Run Build Command(s):/usr/bin/make cmTC_60710/fast && make[1]: Entering directory '/home/vivek/Desktop/elixir/task1b_number_detection/_build/dev/lib/evision/cmake_opencv_4.6.0/CMakeFiles/CMakeTmp'
/usr/bin/make -f CMakeFiles/cmTC_60710.dir/build.make CMakeFiles/cmTC_60710.dir/build
make[2]: Entering directory '/home/vivek/Desktop/elixir/task1b_number_detection/_build/dev/lib/evision/cmake_opencv_4.6.0/CMakeFiles/CMakeTmp'
Building C object CMakeFiles/cmTC_60710.dir/CheckIncludeFile.c.o
/usr/bin/cc   -DPNG_ARM_NEON_OPT=0   -fsigned-char -W -Wall -Wreturn-type -Waddress -Wsequence-point -Wformat -Wformat-security -Wmissing-declarations -Wmissing-prototypes -Wstrict-prototypes -Wundef -Winit-self -Wpointer-arith -Wshadow -Wuninitialized -Wno-comment -Wimplicit-fallthrough=3 -Wno-strict-overflow -fdiagnostics-show-option -Wno-long-long -pthread -fomit-frame-pointer -ffunction-sections -fdata-sections  -msse -msse2 -msse3 -fvisibility=hidden  -O3 -DNDEBUG  -DNDEBUG -fPIE   -o CMakeFiles/cmTC_60710.dir/CheckIncludeFile.c.o   -c /home/vivek/Desktop/elixir/task1b_number_detection/_build/dev/lib/evision/cmake_opencv_4.6.0/CMakeFiles/CMakeTmp/CheckIncludeFile.c
/home/vivek/Desktop/elixir/task1b_number_detection/_build/dev/lib/evision/cmake_opencv_4.6.0/CMakeFiles/CMakeTmp/CheckIncludeFile.c:1:10: fatal error: sys/videoio.h: No such file or directory
    1 | #include <sys/videoio.h>
      |          ^~~~~~~~~~~~~~~
compilation terminated.
make[2]: *** [CMakeFiles/cmTC_60710.dir/build.make:66: CMakeFiles/cmTC_60710.dir/CheckIncludeFile.c.o] Error 1
make[2]: Leaving directory '/home/vivek/Desktop/elixir/task1b_number_detection/_build/dev/lib/evision/cmake_opencv_4.6.0/CMakeFiles/CMakeTmp'
make[1]: *** [Makefile:121: cmTC_60710/fast] Error 2
make[1]: Leaving directory '/home/vivek/Desktop/elixir/task1b_number_detection/_build/dev/lib/evision/cmake_opencv_4.6.0/CMakeFiles/CMakeTmp'



